
14833 : 0x3bcdac0ea51c07 : 1 : spill_jit_data :  Jit agent is not initialized
14833 : 0x3bcdac0ea67e33 : 2 : ittapi_config_mask_get :  --itt-config mask to be applied: 183
14833 : 0x3bcdac0ea6bf21 : 2 : ittapi_config_apply_per_lib :  ITTAPI function instrumented: __itt_domain_create
14833 : 0x3bcdac0ea6d182 : 2 : ittapi_config_apply_per_lib :  ITTAPI function instrumented: __itt_string_handle_create
14833 : 0x3bcdac0ea6de7d : 2 : ittapi_config_apply_per_lib :  ITTAPI function instrumented: __itt_counter_create
14833 : 0x3bcdac0ea6ead5 : 2 : ittapi_config_apply_per_lib :  ITTAPI function instrumented: __itt_counter_create_typed
14833 : 0x3bcdac0ea6f923 : 2 : ittapi_config_apply_per_lib :  ITTAPI function instrumented: __itt_pause
14833 : 0x3bcdac0ea70797 : 2 : ittapi_config_apply_per_lib :  ITTAPI function instrumented: __itt_resume
14833 : 0x3bcdac0ea71523 : 2 : ittapi_config_apply_per_lib :  ITTAPI function instrumented: __itt_thread_set_name
14833 : 0x3bcdac0ea72257 : 2 : ittapi_config_apply_per_lib :  ITTAPI function instrumented: __itt_thread_ignore
14833 : 0x3bcdac0ea82a6e : 2 : ittapi_config_apply_per_lib :  ITTAPI function instrumented: __itt_thr_name_set
14833 : 0x3bcdac0ea83fe8 : 2 : ittapi_config_apply_per_lib :  ITTAPI function instrumented: __itt_thr_ignore
14833 : 0x3bcdac0ea859a1 : 2 : ittapi_config_apply_per_lib :  ITTAPI function not implemented: __itt_enable_attach
14833 : 0x3bcdac0ea86af9 : 2 : ittapi_config_apply_per_lib :  ITTAPI function instrumented: __itt_detach
14833 : 0x3bcdac0ea8761d : 2 : ittapi_config_apply_per_lib :  ITTAPI function NOT instrumented (not matched by --itt-config option): __itt_sync_create

14833 : 0x3bcdac0ea89231 : 2 : ittapi_config_apply_per_lib :  ITTAPI function NOT instrumented (not matched by --itt-config option): __itt_sync_rename

14833 : 0x3bcdac0ea89d67 : 2 : ittapi_config_apply_per_lib :  ITTAPI function NOT instrumented (not matched by --itt-config option): __itt_sync_destroy

14833 : 0x3bcdac0ea8a8b1 : 2 : ittapi_config_apply_per_lib :  ITTAPI function NOT instrumented (not matched by --itt-config option): __itt_sync_prepare

14833 : 0x3bcdac0ea8b38f : 2 : ittapi_config_apply_per_lib :  ITTAPI function NOT instrumented (not matched by --itt-config option): __itt_sync_cancel

14833 : 0x3bcdac0ea8bdbc : 2 : ittapi_config_apply_per_lib :  ITTAPI function NOT instrumented (not matched by --itt-config option): __itt_sync_acquired

14833 : 0x3bcdac0ea8fe88 : 2 : ittapi_config_apply_per_lib :  ITTAPI function NOT instrumented (not matched by --itt-config option): __itt_sync_releasing

14833 : 0x3bcdac0ea91166 : 2 : ittapi_config_apply_per_lib :  ITTAPI function not implemented: __itt_suppress_push
14833 : 0x3bcdac0ea922b9 : 2 : ittapi_config_apply_per_lib :  ITTAPI function not implemented: __itt_suppress_pop
14833 : 0x3bcdac0ea93346 : 2 : ittapi_config_apply_per_lib :  ITTAPI function not implemented: __itt_suppress_mark_range
14833 : 0x3bcdac0ea943b8 : 2 : ittapi_config_apply_per_lib :  ITTAPI function not implemented: __itt_suppress_clear_range
14833 : 0x3bcdac0ea94e35 : 2 : ittapi_config_apply_per_lib :  ITTAPI function NOT instrumented (not matched by --itt-config option): __itt_sync_prepare

14833 : 0x3bcdac0ea95934 : 2 : ittapi_config_apply_per_lib :  ITTAPI function NOT instrumented (not matched by --itt-config option): __itt_sync_cancel

14833 : 0x3bcdac0ea96369 : 2 : ittapi_config_apply_per_lib :  ITTAPI function NOT instrumented (not matched by --itt-config option): __itt_sync_acquired

14833 : 0x3bcdac0ea96e33 : 2 : ittapi_config_apply_per_lib :  ITTAPI function NOT instrumented (not matched by --itt-config option): __itt_sync_releasing

14833 : 0x3bcdac0ea97c66 : 2 : ittapi_config_apply_per_lib :  ITTAPI function instrumented: __itt_model_site_begin
14833 : 0x3bcdac0ea9ad3a : 2 : ittapi_config_apply_per_lib :  ITTAPI function instrumented: __itt_model_site_end
14833 : 0x3bcdac0ea9ba96 : 2 : ittapi_config_apply_per_lib :  ITTAPI function instrumented: __itt_model_task_begin
14833 : 0x3bcdac0ea9c70a : 2 : ittapi_config_apply_per_lib :  ITTAPI function instrumented: __itt_model_task_end
14833 : 0x3bcdac0ea9d3da : 2 : ittapi_config_apply_per_lib :  ITTAPI function instrumented: __itt_model_lock_acquire
14833 : 0x3bcdac0ea9e0e1 : 2 : ittapi_config_apply_per_lib :  ITTAPI function instrumented: __itt_model_lock_release
14833 : 0x3bcdac0ea9f097 : 2 : ittapi_config_apply_per_lib :  ITTAPI function not implemented: __itt_model_record_allocation
14833 : 0x3bcdac0eaa00dc : 2 : ittapi_config_apply_per_lib :  ITTAPI function not implemented: __itt_model_record_deallocation
14833 : 0x3bcdac0eaa1057 : 2 : ittapi_config_apply_per_lib :  ITTAPI function not implemented: __itt_model_induction_uses
14833 : 0x3bcdac0eaa1ed0 : 2 : ittapi_config_apply_per_lib :  ITTAPI function not implemented: __itt_model_reduction_uses
14833 : 0x3bcdac0eaa2d53 : 2 : ittapi_config_apply_per_lib :  ITTAPI function not implemented: __itt_model_observe_uses
14833 : 0x3bcdac0eaa7cc0 : 2 : ittapi_config_apply_per_lib :  ITTAPI function not implemented: __itt_model_clear_uses
14833 : 0x3bcdac0eaa8b89 : 2 : ittapi_config_apply_per_lib :  ITTAPI function instrumented: __itt_model_site_beginA
14833 : 0x3bcdac0eaa9818 : 2 : ittapi_config_apply_per_lib :  ITTAPI function instrumented: __itt_model_site_beginAL
14833 : 0x3bcdac0eaaa4a9 : 2 : ittapi_config_apply_per_lib :  ITTAPI function instrumented: __itt_model_task_beginA
14833 : 0x3bcdac0eaab109 : 2 : ittapi_config_apply_per_lib :  ITTAPI function instrumented: __itt_model_task_beginAL
14833 : 0x3bcdac0eaabd66 : 2 : ittapi_config_apply_per_lib :  ITTAPI function instrumented: __itt_model_iteration_taskA
14833 : 0x3bcdac0eaac94b : 2 : ittapi_config_apply_per_lib :  ITTAPI function instrumented: __itt_model_iteration_taskAL
14833 : 0x3bcdac0eaad5bc : 2 : ittapi_config_apply_per_lib :  ITTAPI function instrumented: __itt_model_site_end_2
14833 : 0x3bcdac0eaae1d8 : 2 : ittapi_config_apply_per_lib :  ITTAPI function instrumented: __itt_model_task_end_2
14833 : 0x3bcdac0eaaed8b : 2 : ittapi_config_apply_per_lib :  ITTAPI function instrumented: __itt_model_lock_acquire_2
14833 : 0x3bcdac0eab1bc6 : 2 : ittapi_config_apply_per_lib :  ITTAPI function instrumented: __itt_model_lock_release_2
14833 : 0x3bcdac0eab2893 : 2 : ittapi_config_apply_per_lib :  ITTAPI function instrumented: __itt_model_aggregate_task
14833 : 0x3bcdac0eab34c6 : 2 : ittapi_config_apply_per_lib :  ITTAPI function instrumented: __itt_model_disable_push
14833 : 0x3bcdac0eab408d : 2 : ittapi_config_apply_per_lib :  ITTAPI function instrumented: __itt_model_disable_pop
14833 : 0x3bcdac0eab4c36 : 2 : ittapi_config_apply_per_lib :  ITTAPI function instrumented: __itt_heap_function_create
14833 : 0x3bcdac0eab592b : 2 : ittapi_config_apply_per_lib :  ITTAPI function instrumented: __itt_heap_allocate_begin
14833 : 0x3bcdac0eab6554 : 2 : ittapi_config_apply_per_lib :  ITTAPI function instrumented: __itt_heap_allocate_end
14833 : 0x3bcdac0eab715e : 2 : ittapi_config_apply_per_lib :  ITTAPI function instrumented: __itt_heap_free_begin
14833 : 0x3bcdac0eab7d66 : 2 : ittapi_config_apply_per_lib :  ITTAPI function instrumented: __itt_heap_free_end
14833 : 0x3bcdac0eab89aa : 2 : ittapi_config_apply_per_lib :  ITTAPI function instrumented: __itt_heap_reallocate_begin
14833 : 0x3bcdac0eabb577 : 2 : ittapi_config_apply_per_lib :  ITTAPI function instrumented: __itt_heap_reallocate_end
14833 : 0x3bcdac0eabc681 : 2 : ittapi_config_apply_per_lib :  ITTAPI function not implemented: __itt_heap_internal_access_begin
14833 : 0x3bcdac0eabd67b : 2 : ittapi_config_apply_per_lib :  ITTAPI function not implemented: __itt_heap_internal_access_end
14833 : 0x3bcdac0eabe643 : 2 : ittapi_config_apply_per_lib :  ITTAPI function not implemented: __itt_heap_record_memory_growth_begin
14833 : 0x3bcdac0eabf62e : 2 : ittapi_config_apply_per_lib :  ITTAPI function not implemented: __itt_heap_record_memory_growth_end
14833 : 0x3bcdac0eac048c : 2 : ittapi_config_apply_per_lib :  ITTAPI function not implemented: __itt_heap_reset_detection
14833 : 0x3bcdac0eac1328 : 2 : ittapi_config_apply_per_lib :  ITTAPI function not implemented: __itt_heap_record
14833 : 0x3bcdac0eac2269 : 2 : ittapi_config_apply_per_lib :  ITTAPI function not implemented: __itt_id_create
14833 : 0x3bcdac0eac3125 : 2 : ittapi_config_apply_per_lib :  ITTAPI function not implemented: __itt_id_destroy
14833 : 0x3bcdac0eac3df3 : 2 : ittapi_config_apply_per_lib :  ITTAPI function instrumented: __itt_get_timestamp
14833 : 0x3bcdac0eac802e : 2 : ittapi_config_apply_per_lib :  ITTAPI function not implemented: __itt_region_begin
14833 : 0x3bcdac0eac901e : 2 : ittapi_config_apply_per_lib :  ITTAPI function not implemented: __itt_region_end
14833 : 0x3bcdac0eac9d36 : 2 : ittapi_config_apply_per_lib :  ITTAPI function instrumented: __itt_frame_begin_v3
14833 : 0x3bcdac0eacaa10 : 2 : ittapi_config_apply_per_lib :  ITTAPI function instrumented: __itt_frame_end_v3
14833 : 0x3bcdac0eacb6a2 : 2 : ittapi_config_apply_per_lib :  ITTAPI function instrumented: __itt_frame_submit_v3
14833 : 0x3bcdac0eacc47d : 2 : ittapi_config_apply_per_lib :  ITTAPI function not implemented: __itt_task_group
14833 : 0x3bcdac0eacd17a : 2 : ittapi_config_apply_per_lib :  ITTAPI function instrumented: __itt_task_begin
14833 : 0x3bcdac0eacde0e : 2 : ittapi_config_apply_per_lib :  ITTAPI function instrumented: __itt_task_begin_fn
14833 : 0x3bcdac0eacea0a : 2 : ittapi_config_apply_per_lib :  ITTAPI function instrumented: __itt_task_end
14833 : 0x3bcdac0eacf858 : 2 : ittapi_config_apply_per_lib :  ITTAPI function not implemented: __itt_counter_inc_v3
14833 : 0x3bcdac0ead29ea : 2 : ittapi_config_apply_per_lib :  ITTAPI function not implemented: __itt_counter_inc_delta_v3
14833 : 0x3bcdac0ead3a20 : 2 : ittapi_config_apply_per_lib :  ITTAPI function not implemented: __itt_counter_dec_v3
14833 : 0x3bcdac0ead4978 : 2 : ittapi_config_apply_per_lib :  ITTAPI function not implemented: __itt_counter_dec_delta_v3
14833 : 0x3bcdac0ead592c : 2 : ittapi_config_apply_per_lib :  ITTAPI function not implemented: __itt_marker
14833 : 0x3bcdac0ead7e48 : 2 : ittapi_config_apply_per_lib :  ITTAPI function instrumented: __itt_metadata_add
14833 : 0x3bcdac0ead8eb2 : 2 : ittapi_config_apply_per_lib :  ITTAPI function not implemented: __itt_metadata_str_add
14833 : 0x3bcdac0ead9da8 : 2 : ittapi_config_apply_per_lib :  ITTAPI function not implemented: __itt_relation_add_to_current
14833 : 0x3bcdac0eadacab : 2 : ittapi_config_apply_per_lib :  ITTAPI function not implemented: __itt_relation_add
14833 : 0x3bcdac0eadb919 : 2 : ittapi_config_apply_per_lib :  ITTAPI function instrumented: __itt_event_create
14833 : 0x3bcdac0eadc5b0 : 2 : ittapi_config_apply_per_lib :  ITTAPI function instrumented: __itt_event_start
14833 : 0x3bcdac0eadf447 : 2 : ittapi_config_apply_per_lib :  ITTAPI function instrumented: __itt_event_end
14833 : 0x3bcdac0eadffff : 2 : ittapi_config_apply_per_lib :  ITTAPI function NOT instrumented (not matched by --itt-config option): __itt_sync_set_name

14833 : 0x3bcdac0eae0ad9 : 2 : ittapi_config_apply_per_lib :  ITTAPI function NOT instrumented (not matched by --itt-config option): __itt_notify_sync_name

14833 : 0x3bcdac0eae15b2 : 2 : ittapi_config_apply_per_lib :  ITTAPI function NOT instrumented (not matched by --itt-config option): __itt_notify_sync_prepare

14833 : 0x3bcdac0eae20af : 2 : ittapi_config_apply_per_lib :  ITTAPI function NOT instrumented (not matched by --itt-config option): __itt_notify_sync_cancel

14833 : 0x3bcdac0eae2b77 : 2 : ittapi_config_apply_per_lib :  ITTAPI function NOT instrumented (not matched by --itt-config option): __itt_notify_sync_acquired

14833 : 0x3bcdac0eae3621 : 2 : ittapi_config_apply_per_lib :  ITTAPI function NOT instrumented (not matched by --itt-config option): __itt_notify_sync_releasing

14833 : 0x3bcdac0eae469f : 2 : ittapi_config_apply_per_lib :  ITTAPI function not implemented: __itt_memory_read
14833 : 0x3bcdac0eae551b : 2 : ittapi_config_apply_per_lib :  ITTAPI function not implemented: __itt_memory_write
14833 : 0x3bcdac0eae63c1 : 2 : ittapi_config_apply_per_lib :  ITTAPI function not implemented: __itt_memory_update
14833 : 0x3bcdac0eae9382 : 2 : ittapi_config_apply_per_lib :  ITTAPI function not implemented: __itt_state_get
14833 : 0x3bcdac0eaea34f : 2 : ittapi_config_apply_per_lib :  ITTAPI function not implemented: __itt_state_set
14833 : 0x3bcdac0eaeb14b : 2 : ittapi_config_apply_per_lib :  ITTAPI function not implemented: __itt_obj_mode_set
14833 : 0x3bcdac0eaebf2b : 2 : ittapi_config_apply_per_lib :  ITTAPI function not implemented: __itt_thr_mode_set
14833 : 0x3bcdac0eaecaff : 2 : ittapi_config_apply_per_lib :  ITTAPI function instrumented: __itt_frame_create
14833 : 0x3bcdac0eaed7ed : 2 : ittapi_config_apply_per_lib :  ITTAPI function instrumented: __itt_frame_begin
14833 : 0x3bcdac0eaee4d8 : 2 : ittapi_config_apply_per_lib :  ITTAPI function instrumented: __itt_frame_end
14833 : 0x3bcdac0eaef336 : 2 : ittapi_config_apply_per_lib :  ITTAPI function not implemented: __itt_counter_destroy
14833 : 0x3bcdac0eaf0010 : 2 : ittapi_config_apply_per_lib :  ITTAPI function instrumented: __itt_counter_inc
14833 : 0x3bcdac0eaf0cef : 2 : ittapi_config_apply_per_lib :  ITTAPI function instrumented: __itt_counter_inc_delta
14833 : 0x3bcdac0eaf498a : 2 : ittapi_config_apply_per_lib :  ITTAPI function instrumented: __itt_counter_dec
14833 : 0x3bcdac0eaf56c3 : 2 : ittapi_config_apply_per_lib :  ITTAPI function instrumented: __itt_counter_dec_delta
14833 : 0x3bcdac0eaf62b7 : 2 : ittapi_config_apply_per_lib :  ITTAPI function instrumented: __itt_counter_set_value
14833 : 0x3bcdac0eaf7132 : 2 : ittapi_config_apply_per_lib :  ITTAPI function not implemented: __itt_counter_set_value_ex
14833 : 0x3bcdac0eaf7fe2 : 2 : ittapi_config_apply_per_lib :  ITTAPI function not implemented: __itt_mark_create
14833 : 0x3bcdac0eaf8e13 : 2 : ittapi_config_apply_per_lib :  ITTAPI function not implemented: __itt_mark
14833 : 0x3bcdac0eaf9d1a : 2 : ittapi_config_apply_per_lib :  ITTAPI function not implemented: __itt_mark_off
14833 : 0x3bcdac0eafab32 : 2 : ittapi_config_apply_per_lib :  ITTAPI function not implemented: __itt_mark_global
14833 : 0x3bcdac0eafb86b : 2 : ittapi_config_apply_per_lib :  ITTAPI function not implemented: __itt_mark_global_off
14833 : 0x3bcdac0eafc612 : 2 : ittapi_config_apply_per_lib :  ITTAPI function instrumented: __itt_stack_caller_create
14833 : 0x3bcdac0eaff48b : 2 : ittapi_config_apply_per_lib :  ITTAPI function instrumented: __itt_stack_caller_destroy
14833 : 0x3bcdac0eb00253 : 2 : ittapi_config_apply_per_lib :  ITTAPI function instrumented: __itt_stack_callee_enter
14833 : 0x3bcdac0eb00ee2 : 2 : ittapi_config_apply_per_lib :  ITTAPI function instrumented: __itt_stack_callee_leave
14833 : 0x3bcdac0eb01dec : 2 : ittapi_config_apply_per_lib :  ITTAPI function not implemented: __itt_clock_domain_create
14833 : 0x3bcdac0eb02d16 : 2 : ittapi_config_apply_per_lib :  ITTAPI function not implemented: __itt_clock_domain_reset
14833 : 0x3bcdac0eb03ade : 2 : ittapi_config_apply_per_lib :  ITTAPI function not implemented: __itt_id_create_ex
14833 : 0x3bcdac0eb04876 : 2 : ittapi_config_apply_per_lib :  ITTAPI function not implemented: __itt_id_destroy_ex
14833 : 0x3bcdac0eb0565b : 2 : ittapi_config_apply_per_lib :  ITTAPI function not implemented: __itt_task_begin_ex
14833 : 0x3bcdac0eb064c5 : 2 : ittapi_config_apply_per_lib :  ITTAPI function not implemented: __itt_task_begin_fn_ex
14833 : 0x3bcdac0eb0738c : 2 : ittapi_config_apply_per_lib :  ITTAPI function not implemented: __itt_task_end_ex
14833 : 0x3bcdac0eb0a10b : 2 : ittapi_config_apply_per_lib :  ITTAPI function instrumented: __itt_task_begin_overlapped
14833 : 0x3bcdac0eb0b146 : 2 : ittapi_config_apply_per_lib :  ITTAPI function not implemented: __itt_task_begin_overlapped_ex
14833 : 0x3bcdac0eb0be57 : 2 : ittapi_config_apply_per_lib :  ITTAPI function instrumented: __itt_task_end_overlapped
14833 : 0x3bcdac0eb0cd39 : 2 : ittapi_config_apply_per_lib :  ITTAPI function not implemented: __itt_task_end_overlapped_ex
14833 : 0x3bcdac0eb0db35 : 2 : ittapi_config_apply_per_lib :  ITTAPI function not implemented: __itt_marker_ex
14833 : 0x3bcdac0eb0ea33 : 2 : ittapi_config_apply_per_lib :  ITTAPI function not implemented: __itt_metadata_add_with_scope
14833 : 0x3bcdac0eb0f949 : 2 : ittapi_config_apply_per_lib :  ITTAPI function not implemented: __itt_metadata_str_add_with_scope
14833 : 0x3bcdac0eb10897 : 2 : ittapi_config_apply_per_lib :  ITTAPI function not implemented: __itt_relation_add_to_current_ex
14833 : 0x3bcdac0eb1168b : 2 : ittapi_config_apply_per_lib :  ITTAPI function not implemented: __itt_relation_add_ex
14833 : 0x3bcdac0eb124e4 : 2 : ittapi_config_apply_per_lib :  ITTAPI function not implemented: __itt_track_group_create
14833 : 0x3bcdac0eb163af : 2 : ittapi_config_apply_per_lib :  ITTAPI function not implemented: __itt_track_create
14833 : 0x3bcdac0eb172a5 : 2 : ittapi_config_apply_per_lib :  ITTAPI function not implemented: __itt_set_track
14833 : 0x3bcdac0eb17ec8 : 2 : ittapi_config_apply_per_lib :  ITTAPI function instrumented: __itt_api_version
14833 : 0x3bcdac0eb18c90 : 2 : ittapi_config_apply_per_lib :  ITTAPI function not implemented: __itt_av_save
14833 : 0x3bcdac0eb198ac : 2 : ittapi_config_apply_per_lib :  ITTAPI function instrumented: __itt_module_load
14833 : 0x3bcdac0ec05060 : 2 : ittapi_config_mask_get :  --itt-config mask to be applied: 183
14833 : 0x3bcdac0ec06b3b : 2 : ittapi_config_apply_per_lib :  ITTAPI function instrumented: __itt_domain_create
14833 : 0x3bcdac0ec07aae : 2 : ittapi_config_apply_per_lib :  ITTAPI function instrumented: __itt_string_handle_create
14833 : 0x3bcdac0ec08887 : 2 : ittapi_config_apply_per_lib :  ITTAPI function instrumented: __itt_pause
14833 : 0x3bcdac0ec09606 : 2 : ittapi_config_apply_per_lib :  ITTAPI function instrumented: __itt_resume
14833 : 0x3bcdac0ec0f6d5 : 2 : ittapi_config_apply_per_lib :  ITTAPI function instrumented: __itt_thread_set_name
14833 : 0x3bcdac0ec1059e : 2 : ittapi_config_apply_per_lib :  ITTAPI function instrumented: __itt_thread_ignore
14833 : 0x3bcdac0ec1116a : 2 : ittapi_config_apply_per_lib :  ITTAPI function instrumented: __itt_thr_name_set
14833 : 0x3bcdac0ec11e2b : 2 : ittapi_config_apply_per_lib :  ITTAPI function instrumented: __itt_thr_ignore
14833 : 0x3bcdac0ec132d0 : 2 : ittapi_config_apply_per_lib :  ITTAPI function not implemented: __itt_enable_attach
14833 : 0x3bcdac0ec140bd : 2 : ittapi_config_apply_per_lib :  ITTAPI function instrumented: __itt_detach
14833 : 0x3bcdac0ec14be4 : 2 : ittapi_config_apply_per_lib :  ITTAPI function NOT instrumented (not matched by --itt-config option): __itt_sync_create

14833 : 0x3bcdac0ec1575d : 2 : ittapi_config_apply_per_lib :  ITTAPI function NOT instrumented (not matched by --itt-config option): __itt_sync_rename

14833 : 0x3bcdac0ec16287 : 2 : ittapi_config_apply_per_lib :  ITTAPI function NOT instrumented (not matched by --itt-config option): __itt_sync_destroy

14833 : 0x3bcdac0ec16d33 : 2 : ittapi_config_apply_per_lib :  ITTAPI function NOT instrumented (not matched by --itt-config option): __itt_sync_prepare

14833 : 0x3bcdac0ec1b85a : 2 : ittapi_config_apply_per_lib :  ITTAPI function NOT instrumented (not matched by --itt-config option): __itt_sync_cancel

14833 : 0x3bcdac0ec1c4c1 : 2 : ittapi_config_apply_per_lib :  ITTAPI function NOT instrumented (not matched by --itt-config option): __itt_sync_acquired

14833 : 0x3bcdac0ec1cf6e : 2 : ittapi_config_apply_per_lib :  ITTAPI function NOT instrumented (not matched by --itt-config option): __itt_sync_releasing

14833 : 0x3bcdac0ec1f278 : 2 : ittapi_config_apply_per_lib :  ITTAPI function not implemented: __itt_suppress_push
14833 : 0x3bcdac0ec20256 : 2 : ittapi_config_apply_per_lib :  ITTAPI function not implemented: __itt_suppress_pop
14833 : 0x3bcdac0ec211bd : 2 : ittapi_config_apply_per_lib :  ITTAPI function not implemented: __itt_suppress_mark_range
14833 : 0x3bcdac0ec22126 : 2 : ittapi_config_apply_per_lib :  ITTAPI function not implemented: __itt_suppress_clear_range
14833 : 0x3bcdac0ec22be9 : 2 : ittapi_config_apply_per_lib :  ITTAPI function NOT instrumented (not matched by --itt-config option): __itt_sync_prepare

14833 : 0x3bcdac0ec23672 : 2 : ittapi_config_apply_per_lib :  ITTAPI function NOT instrumented (not matched by --itt-config option): __itt_sync_cancel

14833 : 0x3bcdac0ec240e3 : 2 : ittapi_config_apply_per_lib :  ITTAPI function NOT instrumented (not matched by --itt-config option): __itt_sync_acquired

14833 : 0x3bcdac0ec29379 : 2 : ittapi_config_apply_per_lib :  ITTAPI function NOT instrumented (not matched by --itt-config option): __itt_sync_releasing

14833 : 0x3bcdac0ec2a385 : 2 : ittapi_config_apply_per_lib :  ITTAPI function instrumented: __itt_model_site_begin
14833 : 0x3bcdac0ec2b0c8 : 2 : ittapi_config_apply_per_lib :  ITTAPI function instrumented: __itt_model_site_end
14833 : 0x3bcdac0ec2bd9d : 2 : ittapi_config_apply_per_lib :  ITTAPI function instrumented: __itt_model_task_begin
14833 : 0x3bcdac0ec2c99b : 2 : ittapi_config_apply_per_lib :  ITTAPI function instrumented: __itt_model_task_end
14833 : 0x3bcdac0ec2d5ad : 2 : ittapi_config_apply_per_lib :  ITTAPI function instrumented: __itt_model_lock_acquire
14833 : 0x3bcdac0ec2e232 : 2 : ittapi_config_apply_per_lib :  ITTAPI function instrumented: __itt_model_lock_release
14833 : 0x3bcdac0ec2f2ef : 2 : ittapi_config_apply_per_lib :  ITTAPI function not implemented: __itt_model_record_allocation
14833 : 0x3bcdac0ec3034a : 2 : ittapi_config_apply_per_lib :  ITTAPI function not implemented: __itt_model_record_deallocation
14833 : 0x3bcdac0ec31308 : 2 : ittapi_config_apply_per_lib :  ITTAPI function not implemented: __itt_model_induction_uses
14833 : 0x3bcdac0ec345a1 : 2 : ittapi_config_apply_per_lib :  ITTAPI function not implemented: __itt_model_reduction_uses
14833 : 0x3bcdac0ec35589 : 2 : ittapi_config_apply_per_lib :  ITTAPI function not implemented: __itt_model_observe_uses
14833 : 0x3bcdac0ec36482 : 2 : ittapi_config_apply_per_lib :  ITTAPI function not implemented: __itt_model_clear_uses
14833 : 0x3bcdac0ec370bc : 2 : ittapi_config_apply_per_lib :  ITTAPI function instrumented: __itt_model_site_beginA
14833 : 0x3bcdac0ec37d25 : 2 : ittapi_config_apply_per_lib :  ITTAPI function instrumented: __itt_model_site_beginAL
14833 : 0x3bcdac0ec389b2 : 2 : ittapi_config_apply_per_lib :  ITTAPI function instrumented: __itt_model_task_beginA
14833 : 0x3bcdac0ec39641 : 2 : ittapi_config_apply_per_lib :  ITTAPI function instrumented: __itt_model_task_beginAL
14833 : 0x3bcdac0ec3a226 : 2 : ittapi_config_apply_per_lib :  ITTAPI function instrumented: __itt_model_iteration_taskA
14833 : 0x3bcdac0ec3ae6f : 2 : ittapi_config_apply_per_lib :  ITTAPI function instrumented: __itt_model_iteration_taskAL
14833 : 0x3bcdac0ec3ba86 : 2 : ittapi_config_apply_per_lib :  ITTAPI function instrumented: __itt_model_site_end_2
14833 : 0x3bcdac0ec3e837 : 2 : ittapi_config_apply_per_lib :  ITTAPI function instrumented: __itt_model_task_end_2
14833 : 0x3bcdac0ec3f50f : 2 : ittapi_config_apply_per_lib :  ITTAPI function instrumented: __itt_model_lock_acquire_2
14833 : 0x3bcdac0ec4012b : 2 : ittapi_config_apply_per_lib :  ITTAPI function instrumented: __itt_model_lock_release_2
14833 : 0x3bcdac0ec40d1c : 2 : ittapi_config_apply_per_lib :  ITTAPI function instrumented: __itt_model_aggregate_task
14833 : 0x3bcdac0ec4191d : 2 : ittapi_config_apply_per_lib :  ITTAPI function instrumented: __itt_model_disable_push
14833 : 0x3bcdac0ec424be : 2 : ittapi_config_apply_per_lib :  ITTAPI function instrumented: __itt_model_disable_pop
14833 : 0x3bcdac0ec430bc : 2 : ittapi_config_apply_per_lib :  ITTAPI function instrumented: __itt_heap_function_create
14833 : 0x3bcdac0ec43d26 : 2 : ittapi_config_apply_per_lib :  ITTAPI function instrumented: __itt_heap_allocate_begin
14833 : 0x3bcdac0ec44942 : 2 : ittapi_config_apply_per_lib :  ITTAPI function instrumented: __itt_heap_allocate_end
14833 : 0x3bcdac0ec455ba : 2 : ittapi_config_apply_per_lib :  ITTAPI function instrumented: __itt_heap_free_begin
14833 : 0x3bcdac0ec481aa : 2 : ittapi_config_apply_per_lib :  ITTAPI function instrumented: __itt_heap_free_end
14833 : 0x3bcdac0ec48e90 : 2 : ittapi_config_apply_per_lib :  ITTAPI function instrumented: __itt_heap_reallocate_begin
14833 : 0x3bcdac0ec49b09 : 2 : ittapi_config_apply_per_lib :  ITTAPI function instrumented: __itt_heap_reallocate_end
14833 : 0x3bcdac0ec4aad8 : 2 : ittapi_config_apply_per_lib :  ITTAPI function not implemented: __itt_heap_internal_access_begin
14833 : 0x3bcdac0ec4ba03 : 2 : ittapi_config_apply_per_lib :  ITTAPI function not implemented: __itt_heap_internal_access_end
14833 : 0x3bcdac0ec4c978 : 2 : ittapi_config_apply_per_lib :  ITTAPI function not implemented: __itt_heap_record_memory_growth_begin
14833 : 0x3bcdac0ec4d826 : 2 : ittapi_config_apply_per_lib :  ITTAPI function not implemented: __itt_heap_record_memory_growth_end
14833 : 0x3bcdac0ec4e610 : 2 : ittapi_config_apply_per_lib :  ITTAPI function not implemented: __itt_heap_reset_detection
14833 : 0x3bcdac0ec4f498 : 2 : ittapi_config_apply_per_lib :  ITTAPI function not implemented: __itt_heap_record
14833 : 0x3bcdac0ec5030c : 2 : ittapi_config_apply_per_lib :  ITTAPI function not implemented: __itt_id_create
14833 : 0x3bcdac0ec544b6 : 2 : ittapi_config_apply_per_lib :  ITTAPI function not implemented: __itt_id_destroy
14833 : 0x3bcdac0ec5521a : 2 : ittapi_config_apply_per_lib :  ITTAPI function instrumented: __itt_get_timestamp
14833 : 0x3bcdac0ec560d4 : 2 : ittapi_config_apply_per_lib :  ITTAPI function not implemented: __itt_region_begin
14833 : 0x3bcdac0ec56f00 : 2 : ittapi_config_apply_per_lib :  ITTAPI function not implemented: __itt_region_end
14833 : 0x3bcdac0ec57b46 : 2 : ittapi_config_apply_per_lib :  ITTAPI function instrumented: __itt_frame_begin_v3
14833 : 0x3bcdac0ec5885f : 2 : ittapi_config_apply_per_lib :  ITTAPI function instrumented: __itt_frame_end_v3
14833 : 0x3bcdac0ec594d0 : 2 : ittapi_config_apply_per_lib :  ITTAPI function instrumented: __itt_frame_submit_v3
14833 : 0x3bcdac0ec5a373 : 2 : ittapi_config_apply_per_lib :  ITTAPI function not implemented: __itt_task_group
14833 : 0x3bcdac0ec5afe2 : 2 : ittapi_config_apply_per_lib :  ITTAPI function instrumented: __itt_task_begin
14833 : 0x3bcdac0ec5bc5a : 2 : ittapi_config_apply_per_lib :  ITTAPI function instrumented: __itt_task_begin_fn
14833 : 0x3bcdac0ec5ee41 : 2 : ittapi_config_apply_per_lib :  ITTAPI function instrumented: __itt_task_end
14833 : 0x3bcdac0ec5fe9d : 2 : ittapi_config_apply_per_lib :  ITTAPI function not implemented: __itt_counter_inc_v3
14833 : 0x3bcdac0ec60e0b : 2 : ittapi_config_apply_per_lib :  ITTAPI function not implemented: __itt_counter_inc_delta_v3
14833 : 0x3bcdac0ec61d2b : 2 : ittapi_config_apply_per_lib :  ITTAPI function not implemented: __itt_marker
14833 : 0x3bcdac0ec62a14 : 2 : ittapi_config_apply_per_lib :  ITTAPI function instrumented: __itt_metadata_add
14833 : 0x3bcdac0ec63941 : 2 : ittapi_config_apply_per_lib :  ITTAPI function not implemented: __itt_metadata_str_add
14833 : 0x3bcdac0ec64855 : 2 : ittapi_config_apply_per_lib :  ITTAPI function not implemented: __itt_relation_add_to_current
14833 : 0x3bcdac0ec6574b : 2 : ittapi_config_apply_per_lib :  ITTAPI function not implemented: __itt_relation_add
14833 : 0x3bcdac0ec66306 : 2 : ittapi_config_apply_per_lib :  ITTAPI function instrumented: __itt_event_create
14833 : 0x3bcdac0ec66f56 : 2 : ittapi_config_apply_per_lib :  ITTAPI function instrumented: __itt_event_start
14833 : 0x3bcdac0ec69cc7 : 2 : ittapi_config_apply_per_lib :  ITTAPI function instrumented: __itt_event_end
14833 : 0x3bcdac0ec6a7d5 : 2 : ittapi_config_apply_per_lib :  ITTAPI function NOT instrumented (not matched by --itt-config option): __itt_sync_set_name

14833 : 0x3bcdac0ec6b2b8 : 2 : ittapi_config_apply_per_lib :  ITTAPI function NOT instrumented (not matched by --itt-config option): __itt_notify_sync_name

14833 : 0x3bcdac0ec6bdb5 : 2 : ittapi_config_apply_per_lib :  ITTAPI function NOT instrumented (not matched by --itt-config option): __itt_notify_sync_prepare

14833 : 0x3bcdac0ec6c850 : 2 : ittapi_config_apply_per_lib :  ITTAPI function NOT instrumented (not matched by --itt-config option): __itt_notify_sync_cancel

14833 : 0x3bcdac0ec6d2c0 : 2 : ittapi_config_apply_per_lib :  ITTAPI function NOT instrumented (not matched by --itt-config option): __itt_notify_sync_acquired

14833 : 0x3bcdac0ec6dd29 : 2 : ittapi_config_apply_per_lib :  ITTAPI function NOT instrumented (not matched by --itt-config option): __itt_notify_sync_releasing

14833 : 0x3bcdac0ec6ec79 : 2 : ittapi_config_apply_per_lib :  ITTAPI function not implemented: __itt_memory_read
14833 : 0x3bcdac0ec6fac3 : 2 : ittapi_config_apply_per_lib :  ITTAPI function not implemented: __itt_memory_write
14833 : 0x3bcdac0ec708d0 : 2 : ittapi_config_apply_per_lib :  ITTAPI function not implemented: __itt_memory_update
14833 : 0x3bcdac0ec7497b : 2 : ittapi_config_apply_per_lib :  ITTAPI function not implemented: __itt_state_get
14833 : 0x3bcdac0ec758fb : 2 : ittapi_config_apply_per_lib :  ITTAPI function not implemented: __itt_state_set
14833 : 0x3bcdac0ec7677b : 2 : ittapi_config_apply_per_lib :  ITTAPI function not implemented: __itt_obj_mode_set
14833 : 0x3bcdac0ec7757c : 2 : ittapi_config_apply_per_lib :  ITTAPI function not implemented: __itt_thr_mode_set
14833 : 0x3bcdac0ec78123 : 2 : ittapi_config_apply_per_lib :  ITTAPI function instrumented: __itt_frame_create
14833 : 0x3bcdac0ec78df3 : 2 : ittapi_config_apply_per_lib :  ITTAPI function instrumented: __itt_frame_begin
14833 : 0x3bcdac0ec79a6b : 2 : ittapi_config_apply_per_lib :  ITTAPI function instrumented: __itt_frame_end
14833 : 0x3bcdac0ec7a6b9 : 2 : ittapi_config_apply_per_lib :  ITTAPI function instrumented: __itt_counter_create
14833 : 0x3bcdac0ec7b537 : 2 : ittapi_config_apply_per_lib :  ITTAPI function not implemented: __itt_counter_destroy
14833 : 0x3bcdac0ec7c17e : 2 : ittapi_config_apply_per_lib :  ITTAPI function instrumented: __itt_counter_inc
14833 : 0x3bcdac0ec7f0b0 : 2 : ittapi_config_apply_per_lib :  ITTAPI function instrumented: __itt_counter_inc_delta
14833 : 0x3bcdac0ec80003 : 2 : ittapi_config_apply_per_lib :  ITTAPI function not implemented: __itt_mark_create
14833 : 0x3bcdac0ec80e56 : 2 : ittapi_config_apply_per_lib :  ITTAPI function not implemented: __itt_mark
14833 : 0x3bcdac0ec81da1 : 2 : ittapi_config_apply_per_lib :  ITTAPI function not implemented: __itt_mark_off
14833 : 0x3bcdac0ec82bb6 : 2 : ittapi_config_apply_per_lib :  ITTAPI function not implemented: __itt_mark_global
14833 : 0x3bcdac0ec83953 : 2 : ittapi_config_apply_per_lib :  ITTAPI function not implemented: __itt_mark_global_off
14833 : 0x3bcdac0ec846be : 2 : ittapi_config_apply_per_lib :  ITTAPI function instrumented: __itt_stack_caller_create
14833 : 0x3bcdac0ec8536e : 2 : ittapi_config_apply_per_lib :  ITTAPI function instrumented: __itt_stack_caller_destroy
14833 : 0x3bcdac0ec85fb2 : 2 : ittapi_config_apply_per_lib :  ITTAPI function instrumented: __itt_stack_callee_enter
14833 : 0x3bcdac0ec86b7b : 2 : ittapi_config_apply_per_lib :  ITTAPI function instrumented: __itt_stack_callee_leave
14833 : 0x3bcdac0ec89baf : 2 : ittapi_config_apply_per_lib :  ITTAPI function not implemented: __itt_clock_domain_create
14833 : 0x3bcdac0ec8abb1 : 2 : ittapi_config_apply_per_lib :  ITTAPI function not implemented: __itt_clock_domain_reset
14833 : 0x3bcdac0ec8b996 : 2 : ittapi_config_apply_per_lib :  ITTAPI function not implemented: __itt_id_create_ex
14833 : 0x3bcdac0ec8c740 : 2 : ittapi_config_apply_per_lib :  ITTAPI function not implemented: __itt_id_destroy_ex
14833 : 0x3bcdac0ec8d566 : 2 : ittapi_config_apply_per_lib :  ITTAPI function not implemented: __itt_task_begin_ex
14833 : 0x3bcdac0ec8e405 : 2 : ittapi_config_apply_per_lib :  ITTAPI function not implemented: __itt_task_begin_fn_ex
14833 : 0x3bcdac0ec8f1f9 : 2 : ittapi_config_apply_per_lib :  ITTAPI function not implemented: __itt_task_end_ex
14833 : 0x3bcdac0ec8fe86 : 2 : ittapi_config_apply_per_lib :  ITTAPI function instrumented: __itt_task_begin_overlapped
14833 : 0x3bcdac0ec90d0b : 2 : ittapi_config_apply_per_lib :  ITTAPI function not implemented: __itt_task_begin_overlapped_ex
14833 : 0x3bcdac0ec91961 : 2 : ittapi_config_apply_per_lib :  ITTAPI function instrumented: __itt_task_end_overlapped
14833 : 0x3bcdac0ec94c3d : 2 : ittapi_config_apply_per_lib :  ITTAPI function not implemented: __itt_task_end_overlapped_ex
14833 : 0x3bcdac0ec95ba6 : 2 : ittapi_config_apply_per_lib :  ITTAPI function not implemented: __itt_marker_ex
14833 : 0x3bcdac0ec969f9 : 2 : ittapi_config_apply_per_lib :  ITTAPI function not implemented: __itt_metadata_add_with_scope
14833 : 0x3bcdac0ec97960 : 2 : ittapi_config_apply_per_lib :  ITTAPI function not implemented: __itt_metadata_str_add_with_scope
14833 : 0x3bcdac0ec988a6 : 2 : ittapi_config_apply_per_lib :  ITTAPI function not implemented: __itt_relation_add_to_current_ex
14833 : 0x3bcdac0ec996f7 : 2 : ittapi_config_apply_per_lib :  ITTAPI function not implemented: __itt_relation_add_ex
14833 : 0x3bcdac0ec9a612 : 2 : ittapi_config_apply_per_lib :  ITTAPI function not implemented: __itt_track_group_create
14833 : 0x3bcdac0ec9b41b : 2 : ittapi_config_apply_per_lib :  ITTAPI function not implemented: __itt_track_create
14833 : 0x3bcdac0ec9c18b : 2 : ittapi_config_apply_per_lib :  ITTAPI function not implemented: __itt_set_track
14833 : 0x3bcdac0ec9cde3 : 2 : ittapi_config_apply_per_lib :  ITTAPI function instrumented: __itt_api_version
14833 : 0x3bcdac0eca0c4a : 2 : ittapi_config_apply_per_lib :  ITTAPI function not implemented: __itt_av_save