10 [47051195104896] INFO perfrun.launcher <> - Launcher main begin
11 [47051195104896] INFO perfrun.launcher <> - MessageCatalogInit finished
11 [47051195104896] INFO perfrun.launcher <> - Launcher instance created
11 [47051195104896] INFO perfrun.launcher <> - argc = 7; cmdline = /mnt/storage/software/languages/intel/intel-parallel_studio_xe_2020_u4/advisor_2020.3.0.607294/bin64/advixe-runss --ui-output-format xml --ui-output-fd 7 --option-file /user/home/vo21765/advanced-hpc-lbm/advi_vec_128/e000/hs001/config/runss.options 
17 [47051195104896] INFO perfrun.launcher <> - plugin remoteplug has been added successfully
17 [47051195104896] INFO perfrun.launcher <> - plugin system has been added successfully
17 [47051195104896] INFO perfrun.launcher <> - plugin vdso has been added successfully
17 [47051195104896] INFO perfrun.launcher <> - plugin itt has been added successfully
17 [47051195104896] INFO perfrun.launcher <> - plugin  has been added successfully
17 [47051195104896] INFO perfrun.launcher <> - plugin gpu has been added successfully
17 [47051195104896] INFO perfrun.launcher <> - plugin  has been added successfully
17 [47051195104896] INFO perfrun.launcher <> - plugin  has been added successfully
17 [47051195104896] INFO perfrun.launcher <> - plugin  has been added successfully
17 [47051195104896] INFO perfrun.launcher <> - plugin mrte has been added successfully
17 [47051195104896] INFO perfrun.launcher <> - plugin  has been added successfully
17 [47051195104896] INFO perfrun.launcher <> - plugin  has been added successfully
17 [47051195104896] INFO perfrun.launcher <> - plugin  has been added successfully
20 [47051195104896] INFO perfrun.launcher <> - plugin  has been added successfully
20 [47051195104896] INFO perfrun.launcher <> - plugin  has been added successfully
20 [47051195104896] INFO perfrun.launcher <> - plugin  has been added successfully
20 [47051195104896] INFO perfrun.launcher <> - plugin  has been added successfully
20 [47051195104896] INFO perfrun.launcher <> - plugin tpss has been added successfully
20 [47051195104896] INFO perfrun.launcher <> - plugin  has been added successfully
20 [47051195104896] INFO perfrun.launcher <> - plugin  has been added successfully
20 [47051195104896] INFO perfrun.launcher <> - plugin  has been added successfully
20 [47051195104896] INFO perfrun.launcher <> - plugin  has been added successfully
20 [47051195104896] INFO perfrun.launcher <> - plugin  has been added successfully
20 [47051195104896] INFO perfrun.launcher <> - plugin  has been added successfully
20 [47051195104896] INFO perfrun.launcher <> - plugin  has been added successfully
20 [47051195104896] INFO perfrun.launcher <> - plugin  has been added successfully
20 [47051195104896] INFO perfrun.launcher <> - plugin  has been added successfully
20 [47051195104896] INFO perfrun.launcher <> - plugin  has been added successfully
21 [47051195104896] INFO perfrun.launcher <> - the option was added --interval: Specify an interval of data collection (for example, sampling) in milliseconds.
21 [47051195104896] INFO perfrun.launcher <> - the option was added --follow-child: Profile process with or without children.
21 [47051195104896] INFO perfrun.launcher <> - the option was added --gelding: BADMSG: perfrun1.launcher.plugin_manager::gelding
21 [47051195104896] INFO perfrun.launcher <> - the option was added --time-source: Specify time source for measurement. Possible values: sys - wall clock time; tsc - time stamp counter; ext - time from an external source; auto - auto select accurate time source.
21 [47051195104896] INFO perfrun.launcher <> - the option was added --stack: Enable or disable collection of stacks.
21 [47051195104896] INFO perfrun.launcher <> - the option was added --stack-stitching: Enable or disable the stack stitching algorithm for Intel TBB-based applications.
21 [47051195104896] INFO perfrun.launcher <> - the option was added --type: Specify type of data to be collected. For example, --type cpu:counters,waiting:nostack,io.
22 [47051195104896] INFO perfrun.launcher <> - the option was added --mrte-mode: Specify Java/.NET/other managed runtime collection mode. Possible values: native - collect information only for native code; managed - collect information only for managed code; mixed - collect information for both managed and native code; auto - choose the mode based on binary type.
22 [47051195104896] INFO perfrun.launcher <> - the option was added --mrte-mode-list: List supported Java/.NET/other managed runtime collection modes.
22 [47051195104896] INFO perfrun.launcher <> - the option was added --mrte-type: Specify which managed runtimes to collect. Possible values: java - collect information for Java; dotnet - collect information for .NET; python - collect information for CPython. You can specify several values separated by comma.
22 [47051195104896] INFO perfrun.launcher <> - the option was added --mrte-type-list: List supported Java/.NET/other managed runtime types.
22 [47051195104896] INFO perfrun.launcher <> - the option was added --trace-strategy: Specify how to profile a process tree. <string> can be "<process>:trace:notrace" - profile the process but do not profile its children. Shorthand parameters: t - trace, nt - notrace. For example, "vtunedemo.exe:t:t".
22 [47051195104896] INFO perfrun.launcher <> - the option was added --collector: BADMSG: perfrun1.launcher.plugin_manager::collector
22 [47051195104896] INFO perfrun.launcher <> - the option was added --system-wide: Enable system-wide profiling. This mode may require additional permissions.
22 [47051195104896] INFO perfrun.launcher <> - the option was added --kvm-guest: Enable KVM guest OS profiling.
22 [47051195104896] INFO perfrun.launcher <> - the option was added --kvm-guest-kallsyms: Specify a local path to the /proc/kallsyms file copied from the guest OS for proper symbol resolution.
22 [47051195104896] INFO perfrun.launcher <> - the option was added --kvm-guest-modules: Specify a local path to the /proc/modules file copied from the guest OS for proper symbol resolution.
22 [47051195104896] INFO perfrun.launcher <> - the option was added --bandwidth-limits: Measure bandwidth limits
22 [47051195104896] INFO perfrun.launcher <> - the option was added --bandwidth-strategy: Bandwidth limits determination specific properties (example: --bandwidth-strategy array-size=0,duration=500).
23 [47051195104896] INFO perfrun.launcher <> - the option was added --bandwidth-config: List of benchmarks to run.
23 [47051195104896] INFO perfrun.launcher <> - the option was added --dump-vdso: Dump [vdso] to result directory
23 [47051195104896] INFO perfrun.launcher <> - the option was added --system-collector-config: Specify subcollectors. Possible values: all, container, device-info, none. Specify subcollectors. Possible values: all, vdso.
23 [47051195104896] INFO perfrun.launcher <> - the option was added --itt-config: Specify a sub-set of ITT API to collect.
23 [47051195104896] INFO perfrun.launcher <> - the option was added --itt-debug: Set pseudo-breakpoint at ITT API collector's start to enable the debugger to attach early.
23 [47051195104896] INFO perfrun.launcher <> - the option was added --gpu-config: Specify types of GPU data to be collected. Possible values: preset1, preset2.
23 [47051195104896] INFO perfrun.launcher <> - the option was added --gpu-debug: Enable self-testing of the GPGPU profiling collector.
23 [47051195104896] INFO perfrun.launcher <> - the option was added --gpu-counting: Collect GPU data in the counting mode.
23 [47051195104896] INFO perfrun.launcher <> - the option was added --stackwalk: Specify stack unwinding method. Possible values: online - unwind stacks during collection; offline - unwind stacks after collection is finished.
23 [47051195104896] INFO perfrun.launcher <> - the option was added --filter-include: Filter data during collection. Possible values: contended=<on|off> - filter out uncontended events; contended_nostack=<time> - filter out stacks for contended events that take less than <time> microseconds; wait=<time> - ignore transitions and blocks with wait time less than <time> microseconds; wait_nostack=<time> - filter out stacks for waits that take less than <time> microseconds.
23 [47051195104896] INFO perfrun.launcher <> - the option was added --debug-pin: Debug PIN tool and runtime.
23 [47051195104896] INFO perfrun.launcher <> - the option was added --debug-exception: Disallow the application to set own abnormal termination handler.
23 [47051195104896] INFO perfrun.launcher <> - the option was added --trace-type: Specify the trace file granularity. Possible values: per-thread - per-thread trace file generation; per-process - per-process trace file generation.
23 [47051195104896] INFO perfrun.launcher <> - the option was added --instrumentation-type: Specify type of instrumentation.
23 [47051195104896] INFO perfrun.launcher <> - the option was added --altstack: Enable or disable usage of altstacks for profiling signal handlers.
23 [47051195104896] INFO perfrun.launcher <> - the option was added --profiling-signal: Alternate profiling signal.
23 [47051195104896] INFO perfrun.launcher <> - the option was added --memory-strategy: Specify a minimal memory object size to be traced and a hash table size for faster objects search; for example: --memory-strategy obj-size-min=1024,hash-table-size=4096.
23 [47051195104896] INFO perfrun.launcher <> - the option was added --gpu-profiling-type: Specify a type of deep GPU profiling: none, bblatency, memlatency, instcount.
23 [47051195104896] INFO perfrun.launcher <> - the option was added --opencl-trace-mode: Specify OpenCL kernel tracing modes: 'default' to trace OpenCL kernels for Intel Graphics Driver only; 'epoch' for any non-Intel graphics, where OpenCL kernels will be traced and OpenCL profiling API timestamps will be interpreted as Unux Epoch time in nanoseconds; 'completion' to trace OpenCL kernels for any Graphics Driver and bind OpenCL profiling API timestamps to the timestamp of OpenCL completion callback.
23 [47051195104896] INFO perfrun.launcher <> - the option was added --gpu-kernels-to-profile: Specify a comma-separated list of GPU kernel names and invocations to be profiled in the following format: kernel_name[#start_idx#step#stop_idx], where kernel_name is the name of GPU kernel; start_idx is the number of the first invocation; and stop_idx is the number of the last invocation to be profiled.
25 [47051195104896] INFO perfrun.launcher <> - create msngr2::ICliToolContext
25 [47051195104896] INFO perfrun.launcher <> - create file finder object
25 [47051195104896] INFO perfrun.launcher <> - create a result directory: pattern = /user/home/vo21765/advanced-hpc-lbm/advi_vec_128/e000/hs001 pid = 4294967295
28 [47051195104896] INFO perfrun.sdk <> - checked that the directory /user/home/vo21765/advanced-hpc-lbm/advi_vec_128/e000/hs001 is a local directory
28 [47051195104896] INFO perfrun.sdk <> - the directory /user/home/vo21765/advanced-hpc-lbm/advi_vec_128/e000/hs001 is located on a share or its FS ID is unknown 1196443219
28 [47051195104896] INFO perfrun.sdk <> - checked that the directory /tmp/advixe-tmp-vo21765 is a local directory
28 [47051195104896] INFO perfrun.sdk <> - the directory /tmp/advixe-tmp-vo21765 is a local directory with FS type ID 16914836
29 [47051195104896] INFO perfrun.launcher <> - Create a local result directory /tmp/advixe-tmp-vo21765/advixe-res-29138-40548946531680978 due to the user result path /user/home/vo21765/advanced-hpc-lbm/advi_vec_128/e000/hs001 is located on a share
29 [47051195104896] INFO perfrun.launcher <> - create data directory = /tmp/advixe-tmp-vo21765/advixe-res-29138-40548946531680978/data.0
29 [47051195104896] INFO perfrun.launcher <> - create data directory = /user/home/vo21765/advanced-hpc-lbm/advi_vec_128/e000/hs001/data.0
29 [47051195104896] INFO perfrun.launcher <> - Creating the master collection flag
30 [47051195104896] INFO perfrun.launcher <> - Done creating the master collection flag
33 [47051327084288] INFO perfrun.launcher <> - plugin [remoteplug] was disabled because it doesn't support the given collection type.
35 [47051327084288] INFO perfrun.sdk <> - Allocating TMU :/tmp/advixe-tmp-vo21765/advixe-res-29138-40548946531680978/data.0/systemcollector-29138-compute242.bc4.acrc.priv.sc
36 [47051327084288] INFO perfrun.launcher <> - plugin [] was disabled because it doesn't support the given collection type.
36 [47051327084288] INFO perfrun.launcher <> - plugin [gpu] was disabled because it doesn't support the given collection type.
36 [47051327084288] INFO perfrun.launcher <> - plugin [] was disabled because it doesn't support the given collection type.
36 [47051327084288] INFO perfrun.launcher <> - plugin [] was disabled because it doesn't support the given collection type.
36 [47051327084288] INFO perfrun.launcher <> - plugin [] was disabled because it doesn't support the given collection type.
36 [47051327084288] INFO perfrun.mrte <> - system-wide mode is 0
36 [47051327084288] INFO perfrun.mrte <> - Getting  mrte profiling environment ...
56 [47051327084288] INFO perfrun.mrte <> - INTEL_MRTE_DATA_DIR=/tmp/advixe-tmp-vo21765/advixe-res-29138-40548946531680978/data.0
56 [47051327084288] INFO perfrun.mrte <> - INTEL_MRTE_HOST_NAME=compute242.bc4.acrc.priv
56 [47051327084288] INFO perfrun.mrte <> - Data directory: /tmp/advixe-tmp-vo21765/advixe-res-29138-40548946531680978/data.0
56 [47051327084288] INFO perfrun.mrte <> - Mrte plugin is initialized
56 [47051327084288] INFO perfrun.launcher <> - plugin [] was disabled because it doesn't support the given collection type.
56 [47051327084288] INFO perfrun.launcher <> - plugin [] was disabled because it doesn't support the given collection type.
56 [47051327084288] INFO perfrun.launcher <> - plugin [] was disabled because it doesn't support the given collection type.
56 [47051327084288] INFO perfrun.launcher <> - plugin [] was disabled because it doesn't support the given collection type.
56 [47051327084288] INFO perfrun.launcher <> - plugin [] was disabled because it doesn't support the given collection type.
56 [47051327084288] INFO perfrun.launcher <> - plugin [] was disabled because it doesn't support the given collection type.
56 [47051327084288] INFO perfrun.launcher <> - plugin [] was disabled because it doesn't support the given collection type.
56 [47051327084288] INFO perfrun.tpss <> - initialize tpss controller
56 [47051327084288] INFO perfrun.tpss <> - configure collection mode: value = cpu:stack
56 [47051327084288] INFO perfrun.tpss <> - default obj-size-min=1024
56 [47051327084288] INFO perfrun.tpss <> - default hash-table-size=0
92 [47051327084288] INFO perfrun.launcher <> - plugin [] was disabled because it doesn't support the given collection type.
92 [47051327084288] INFO perfrun.launcher <> - plugin [] was disabled because it doesn't support the given collection type.
92 [47051327084288] INFO perfrun.launcher <> - plugin [] was disabled because it doesn't support the given collection type.
92 [47051327084288] INFO perfrun.launcher <> - plugin [] was disabled because it doesn't support the given collection type.
92 [47051327084288] INFO perfrun.launcher <> - plugin [] was disabled because it doesn't support the given collection type.
92 [47051327084288] INFO perfrun.launcher <> - plugin [] was disabled because it doesn't support the given collection type.
92 [47051327084288] INFO perfrun.launcher <> - plugin [] was disabled because it doesn't support the given collection type.
92 [47051327084288] INFO perfrun.launcher <> - plugin [] was disabled because it doesn't support the given collection type.
92 [47051327084288] INFO perfrun.launcher <> - plugin [] was disabled because it doesn't support the given collection type.
92 [47051327084288] INFO perfrun.launcher <> - plugin [] was disabled because it doesn't support the given collection type.
92 [47051195104896] INFO perfrun.launcher <> - set environment variable: LD_LIBRARY_PATH = /mnt/storage/software/languages/intel/intel-parallel_studio_xe_2020_u4/advisor_2020.3.0.607294/lib32/runtime:/mnt/storage/software/languages/intel/intel-parallel_studio_xe_2020_u4/advisor_2020.3.0.607294/lib64/runtime:/mnt/storage/software/languages/intel/intel-parallel_studio_xe_2020_u4/itac/2020.3.036/intel64/slib:/mnt/storage/software/languages/intel/intel-parallel_studio_xe_2020_u4/compilers_and_libraries_2020.4.304/linux/compiler/lib/intel64_lin:/mnt/storage/software/languages/intel/intel-parallel_studio_xe_2020_u4/compilers_and_libraries_2020.4.304/linux/mpi/intel64/libfabric/lib:/mnt/storage/software/languages/intel/intel-parallel_studio_xe_2020_u4/compilers_and_libraries_2020.4.304/linux/mpi/intel64/lib/release:/mnt/storage/software/languages/intel/intel-parallel_studio_xe_2020_u4/compilers_and_libraries_2020.4.304/linux/mpi/intel64/lib:/mnt/storage/software/languages/intel/intel-parallel_studio_xe_2020_u4/compilers_and_libraries_2020.4.304/linux/ipp/lib/intel64:/mnt/storage/software/languages/intel/intel-parallel_studio_xe_2020_u4/compilers_and_libraries_2020.4.304/linux/mkl/lib/intel64_lin:/mnt/storage/software/languages/intel/intel-parallel_studio_xe_2020_u4/compilers_and_libraries_2020.4.304/linux/tbb/lib/intel64/gcc4.8:/mnt/storage/software/languages/intel/intel-parallel_studio_xe_2020_u4/compilers_and_libraries_2020.4.304/linux/daal/lib/intel64_lin:/mnt/storage/software/languages/gcc-10.4.0/lib:/mnt/storage/software/languages/gcc-10.4.0/lib64:/mnt/storage/apps/bc4/slurm/23.11.0/lib:/mnt/storage/software/languages/intel/intel-parallel_studio_xe_2020_u4/itac/2020.3.036/intel64/slib:/mnt/storage/software/languages/intel/intel-parallel_studio_xe_2020_u4/debugger_2020/python/intel64/lib:/mnt/storage/software/languages/intel/intel-parallel_studio_xe_2020_u4/debugger_2020/libipt/intel64/lib:/mnt/storage/software/languages/intel/intel-parallel_studio_xe_2020_u4/compilers_and_libraries_2020.4.304/linux/daal/../tbb/lib/intel64_lin/gcc4.4:/mnt/storage/software/languages/intel/intel-parallel_studio_xe_2020_u4/compilers_and_libraries_2020.4.304/linux/daal/../tbb/lib/intel64_lin/gcc4.8
92 [47051195104896] INFO perfrun.launcher <> - set environment variable: INTEL_LIBITTNOTIFY32 = /mnt/storage/software/languages/intel/intel-parallel_studio_xe_2020_u4/advisor_2020.3.0.607294/lib32/runtime/libittnotify_collector.so
92 [47051195104896] INFO perfrun.launcher <> - set environment variable: INTEL_LIBITTNOTIFY64 = /mnt/storage/software/languages/intel/intel-parallel_studio_xe_2020_u4/advisor_2020.3.0.607294/lib64/runtime/libittnotify_collector.so
92 [47051195104896] INFO perfrun.launcher <> - set environment variable: INTEL_ITTNOTIFY_GROUPS = 
92 [47051195104896] INFO perfrun.launcher <> - set environment variable: INTEL_JIT_PROFILER32 = /mnt/storage/software/languages/intel/intel-parallel_studio_xe_2020_u4/advisor_2020.3.0.607294/lib32/runtime/libittnotify_collector.so
92 [47051195104896] INFO perfrun.launcher <> - set environment variable: INTEL_JIT_PROFILER64 = /mnt/storage/software/languages/intel/intel-parallel_studio_xe_2020_u4/advisor_2020.3.0.607294/lib64/runtime/libittnotify_collector.so
92 [47051195104896] INFO perfrun.launcher <> - set environment variable: VS_PROFILER = libittnotify_collector.so
92 [47051195104896] INFO perfrun.launcher <> - set environment variable: ENABLE_JITPROFILING = 1
92 [47051195104896] INFO perfrun.launcher <> - set environment variable: CL_CONFIG_USE_VTUNE = True
92 [47051195104896] INFO perfrun.launcher <> - set environment variable: __OCL_MIC_INTEL_LIBITTNOTIFY64 = /amplxe/results/libittnotify_collector.so
92 [47051195104896] INFO perfrun.launcher <> - set environment variable: __OCL_MIC_INTEL_JIT_PROFILER64 = /amplxe/results/libittnotify_collector.so
92 [47051195104896] INFO perfrun.launcher <> - set environment variable: KMP_FORKJOIN_FRAMES = 0
92 [47051195104896] INFO perfrun.launcher <> - set environment variable: KMP_FORKJOIN_FRAMES_MODE = 0
92 [47051195104896] INFO perfrun.launcher <> - set environment variable: OMP_TOOL = disabled
92 [47051195104896] INFO perfrun.launcher <> - set environment variable: INTEL_MRTE_DATA_DIR = /tmp/advixe-tmp-vo21765/advixe-res-29138-40548946531680978/data.0
92 [47051195104896] INFO perfrun.launcher <> - set environment variable: INTEL_MRTE_HOST_NAME = compute242.bc4.acrc.priv
93 [47051195104896] INFO perfrun.launcher <> - RpcServer: run RPC server to handle requests
93 [47051195104896] INFO perfrun.launcher <> - Launcher: command line to start before modification = ./d2q9-bgk input_128x128.params obstacles_128x128.dat
93 [47051195104896] INFO perfrun.launcher <> - Launcher: command line to start after modification = /mnt/storage/software/languages/intel/intel-parallel_studio_xe_2020_u4/advisor_2020.3.0.607294/bin64/pin -error_file /tmp/advixe-tmp-vo21765/advixe-res-29138-40548946531680978/data.0/pinerr.tpsslog -detach_reattach -follow_execv -tool_load_option deepbind -t64 /mnt/storage/software/languages/intel/intel-parallel_studio_xe_2020_u4/advisor_2020.3.0.607294/lib64/libtpsstool.so -t /mnt/storage/software/languages/intel/intel-parallel_studio_xe_2020_u4/advisor_2020.3.0.607294/lib32/libtpsstool.so -server_name tpss_ipc.29138 -prd_dir /mnt/storage/software/languages/intel/intel-parallel_studio_xe_2020_u4/advisor_2020.3.0.607294 -- ./d2q9-bgk input_128x128.params obstacles_128x128.dat
93 [47051195104896] INFO perfrun.launcher <> - ProcessCreator object was created
94 [47051195104896] INFO perfrun.launcher <> - Launcher: the process was started in suspend mode
98 [47051327084288] WARN perfrun.system <> - Could not do anything with /sys/kernel/debug/kvm: boost::filesystem::status: Permission denied: "/sys/kernel/debug/kvm", at file: vcs/perfrun1/plugins/system/src/trace_writer.cpp:774
98 [47051327084288] WARN perfrun.system <> - Folder "/var/run/libvirt/qemu/"doesn't exist, at file: vcs/perfrun1/plugins/system/src/trace_writer.cpp:787
100 [47051327084288] WARN perfrun.sdk <> - Failed to find xl binary on any of the system paths: /bin, /sbin, /usr/bin, /usr/sbin., at file: vcs/perfrun1/sdk/src/utils.cpp:199
102 [47051327084288] INFO perfrun.vdso <> - Helper runtool '/mnt/storage/software/languages/intel/intel-parallel_studio_xe_2020_u4/advisor_2020.3.0.607294/bin32/advixe-runss -dump-vdso -r /tmp/advixe-tmp-vo21765/advixe-res-29138-40548946531680978 --tmp-dir /tmp/advixe-tmp-vo21765' returned 1
156 [47051327084288] INFO perfrun.vdso <> - Helper runtool '/mnt/storage/software/languages/intel/intel-parallel_studio_xe_2020_u4/advisor_2020.3.0.607294/bin64/advixe-runss -dump-vdso -r /tmp/advixe-tmp-vo21765/advixe-res-29138-40548946531680978 --tmp-dir /tmp/advixe-tmp-vo21765' returned 0
156 [47051327084288] INFO perfrun.itt <> - start itt controller for pid #29143
156 [47051327084288] INFO perfrun.tpss <> - start tpss controller for pid #29143
206 [47051195104896] INFO perfrun.launcher <> - Launcher: all plugins were started
206 [47051195104896] INFO perfrun.launcher <> - DirectoryMonitor object was created
206 [47051195104896] INFO perfrun.launcher <> - DirectoryMonitor: a callback was added
206 [47051195104896] INFO perfrun.launcher <> - DirectoryMonitor was started with pingTime = 1000
206 [47051195104896] INFO perfrun.launcher <> - DeadlineTimer is going to be constructed
206 [47051195104896] INFO perfrun.launcher <> - DeadlineTimer: a callback was added
210 [47051195104896] INFO perfrun.launcher <> - Launcher: resume the profiled application and  wait its termination or stop command
6866 [47051195104896] INFO perfrun.launcher <> - Launcher: the profiled application was terminated  with exit code = 0
6868 [47051327084288] INFO perfrun.itt <> - stop itt controller
6868 [47051327084288] INFO perfrun.itt <> - detach itt controller
6868 [47051327084288] INFO perfrun.tpss <> - stop tpss controller
6869 [47051327084288] INFO perfrun.sdk <> - De-allocating TMU: /tmp/advixe-tmp-vo21765/advixe-res-29138-40548946531680978/data.0/systemcollector-29138-compute242.bc4.acrc.priv.sc
6869 [47051327084288] INFO perfrun.system <> - closed the system trace file: /tmp/advixe-tmp-vo21765/advixe-res-29138-40548946531680978/data.0/systemcollector-29138-compute242.bc4.acrc.priv.sc
6869 [47051195104896] INFO perfrun.launcher <> - Launcher: all plugins were stopped.
6869 [47051195104896] INFO perfrun.launcher <> - DeadlineTimer is going to be destroyed
6869 [47051195104896] INFO perfrun.launcher <> - DeadlineTimer was destroyed
6869 [47051195104896] INFO perfrun.launcher <> - DirectoryMonitor object was destroyed
6869 [47051195104896] WARN perfrun.launcher <> - Stop command is ignored because it is received when collection is already stopped, at file: vcs/perfrun1/launcher/src/command_handler.cpp:212
6875 [47051195104896] INFO perfrun.launcher <> - Application exit code: 0
6875 [47051195104896] INFO perfrun.launcher <> - Exit code: 0
