
27587 : 0x3c05ace9373f42 : 1 : spill_jit_data :  Jit agent is not initialized
27587 : 0x3c05ace9399895 : 2 : ittapi_config_mask_get :  --itt-config mask to be applied: 183
27587 : 0x3c05ace939d4d2 : 2 : ittapi_config_apply_per_lib :  ITTAPI function instrumented: __itt_domain_create
27587 : 0x3c05ace939e074 : 2 : ittapi_config_apply_per_lib :  ITTAPI function instrumented: __itt_string_handle_create
27587 : 0x3c05ace939e9f3 : 2 : ittapi_config_apply_per_lib :  ITTAPI function instrumented: __itt_counter_create
27587 : 0x3c05ace939f2e6 : 2 : ittapi_config_apply_per_lib :  ITTAPI function instrumented: __itt_counter_create_typed
27587 : 0x3c05ace939fd36 : 2 : ittapi_config_apply_per_lib :  ITTAPI function instrumented: __itt_pause
27587 : 0x3c05ace93a07f0 : 2 : ittapi_config_apply_per_lib :  ITTAPI function instrumented: __itt_resume
27587 : 0x3c05ace93a1044 : 2 : ittapi_config_apply_per_lib :  ITTAPI function instrumented: __itt_thread_set_name
27587 : 0x3c05ace93a1973 : 2 : ittapi_config_apply_per_lib :  ITTAPI function instrumented: __itt_thread_ignore
27587 : 0x3c05ace93a6bc4 : 2 : ittapi_config_apply_per_lib :  ITTAPI function instrumented: __itt_thr_name_set
27587 : 0x3c05ace93a753a : 2 : ittapi_config_apply_per_lib :  ITTAPI function instrumented: __itt_thr_ignore
27587 : 0x3c05ace93a86dc : 2 : ittapi_config_apply_per_lib :  ITTAPI function not implemented: __itt_enable_attach
27587 : 0x3c05ace93a91a5 : 2 : ittapi_config_apply_per_lib :  ITTAPI function instrumented: __itt_detach
27587 : 0x3c05ace93a98c5 : 2 : ittapi_config_apply_per_lib :  ITTAPI function NOT instrumented (not matched by --itt-config option): __itt_sync_create

27587 : 0x3c05ace93aa792 : 2 : ittapi_config_apply_per_lib :  ITTAPI function NOT instrumented (not matched by --itt-config option): __itt_sync_rename

27587 : 0x3c05ace93aaecd : 2 : ittapi_config_apply_per_lib :  ITTAPI function NOT instrumented (not matched by --itt-config option): __itt_sync_destroy

27587 : 0x3c05ace93ab65b : 2 : ittapi_config_apply_per_lib :  ITTAPI function NOT instrumented (not matched by --itt-config option): __itt_sync_prepare

27587 : 0x3c05ace93abd5a : 2 : ittapi_config_apply_per_lib :  ITTAPI function NOT instrumented (not matched by --itt-config option): __itt_sync_cancel

27587 : 0x3c05ace93ac430 : 2 : ittapi_config_apply_per_lib :  ITTAPI function NOT instrumented (not matched by --itt-config option): __itt_sync_acquired

27587 : 0x3c05ace93ae4e5 : 2 : ittapi_config_apply_per_lib :  ITTAPI function NOT instrumented (not matched by --itt-config option): __itt_sync_releasing

27587 : 0x3c05ace93af02d : 2 : ittapi_config_apply_per_lib :  ITTAPI function not implemented: __itt_suppress_push
27587 : 0x3c05ace93afa23 : 2 : ittapi_config_apply_per_lib :  ITTAPI function not implemented: __itt_suppress_pop
27587 : 0x3c05ace93b04a8 : 2 : ittapi_config_apply_per_lib :  ITTAPI function not implemented: __itt_suppress_mark_range
27587 : 0x3c05ace93b0eb1 : 2 : ittapi_config_apply_per_lib :  ITTAPI function not implemented: __itt_suppress_clear_range
27587 : 0x3c05ace93b1593 : 2 : ittapi_config_apply_per_lib :  ITTAPI function NOT instrumented (not matched by --itt-config option): __itt_sync_prepare

27587 : 0x3c05ace93b1cc6 : 2 : ittapi_config_apply_per_lib :  ITTAPI function NOT instrumented (not matched by --itt-config option): __itt_sync_cancel

27587 : 0x3c05ace93b2374 : 2 : ittapi_config_apply_per_lib :  ITTAPI function NOT instrumented (not matched by --itt-config option): __itt_sync_acquired

27587 : 0x3c05ace93b2aac : 2 : ittapi_config_apply_per_lib :  ITTAPI function NOT instrumented (not matched by --itt-config option): __itt_sync_releasing

27587 : 0x3c05ace93b33d7 : 2 : ittapi_config_apply_per_lib :  ITTAPI function instrumented: __itt_model_site_begin
27587 : 0x3c05ace93b4f82 : 2 : ittapi_config_apply_per_lib :  ITTAPI function instrumented: __itt_model_site_end
27587 : 0x3c05ace93b57ea : 2 : ittapi_config_apply_per_lib :  ITTAPI function instrumented: __itt_model_task_begin
27587 : 0x3c05ace93b5f83 : 2 : ittapi_config_apply_per_lib :  ITTAPI function instrumented: __itt_model_task_end
27587 : 0x3c05ace93b67b7 : 2 : ittapi_config_apply_per_lib :  ITTAPI function instrumented: __itt_model_lock_acquire
27587 : 0x3c05ace93b7061 : 2 : ittapi_config_apply_per_lib :  ITTAPI function instrumented: __itt_model_lock_release
27587 : 0x3c05ace93b79c9 : 2 : ittapi_config_apply_per_lib :  ITTAPI function not implemented: __itt_model_record_allocation
27587 : 0x3c05ace93b83e6 : 2 : ittapi_config_apply_per_lib :  ITTAPI function not implemented: __itt_model_record_deallocation
27587 : 0x3c05ace93b8e7b : 2 : ittapi_config_apply_per_lib :  ITTAPI function not implemented: __itt_model_induction_uses
27587 : 0x3c05ace93b9711 : 2 : ittapi_config_apply_per_lib :  ITTAPI function not implemented: __itt_model_reduction_uses
27587 : 0x3c05ace93ba07a : 2 : ittapi_config_apply_per_lib :  ITTAPI function not implemented: __itt_model_observe_uses
27587 : 0x3c05ace93bc29c : 2 : ittapi_config_apply_per_lib :  ITTAPI function not implemented: __itt_model_clear_uses
27587 : 0x3c05ace93bcb4d : 2 : ittapi_config_apply_per_lib :  ITTAPI function instrumented: __itt_model_site_beginA
27587 : 0x3c05ace93bd379 : 2 : ittapi_config_apply_per_lib :  ITTAPI function instrumented: __itt_model_site_beginAL
27587 : 0x3c05ace93bdb29 : 2 : ittapi_config_apply_per_lib :  ITTAPI function instrumented: __itt_model_task_beginA
27587 : 0x3c05ace93be318 : 2 : ittapi_config_apply_per_lib :  ITTAPI function instrumented: __itt_model_task_beginAL
27587 : 0x3c05ace93beb24 : 2 : ittapi_config_apply_per_lib :  ITTAPI function instrumented: __itt_model_iteration_taskA
27587 : 0x3c05ace93bf305 : 2 : ittapi_config_apply_per_lib :  ITTAPI function instrumented: __itt_model_iteration_taskAL
27587 : 0x3c05ace93bfb54 : 2 : ittapi_config_apply_per_lib :  ITTAPI function instrumented: __itt_model_site_end_2
27587 : 0x3c05ace93c02dc : 2 : ittapi_config_apply_per_lib :  ITTAPI function instrumented: __itt_model_task_end_2
27587 : 0x3c05ace93c0b19 : 2 : ittapi_config_apply_per_lib :  ITTAPI function instrumented: __itt_model_lock_acquire_2
27587 : 0x3c05ace93c26ba : 2 : ittapi_config_apply_per_lib :  ITTAPI function instrumented: __itt_model_lock_release_2
27587 : 0x3c05ace93c2e61 : 2 : ittapi_config_apply_per_lib :  ITTAPI function instrumented: __itt_model_aggregate_task
27587 : 0x3c05ace93c3664 : 2 : ittapi_config_apply_per_lib :  ITTAPI function instrumented: __itt_model_disable_push
27587 : 0x3c05ace93c3e34 : 2 : ittapi_config_apply_per_lib :  ITTAPI function instrumented: __itt_model_disable_pop
27587 : 0x3c05ace93c4613 : 2 : ittapi_config_apply_per_lib :  ITTAPI function instrumented: __itt_heap_function_create
27587 : 0x3c05ace93c4e58 : 2 : ittapi_config_apply_per_lib :  ITTAPI function instrumented: __itt_heap_allocate_begin
27587 : 0x3c05ace93c55cd : 2 : ittapi_config_apply_per_lib :  ITTAPI function instrumented: __itt_heap_allocate_end
27587 : 0x3c05ace93c5dac : 2 : ittapi_config_apply_per_lib :  ITTAPI function instrumented: __itt_heap_free_begin
27587 : 0x3c05ace93c653b : 2 : ittapi_config_apply_per_lib :  ITTAPI function instrumented: __itt_heap_free_end
27587 : 0x3c05ace93c6cf5 : 2 : ittapi_config_apply_per_lib :  ITTAPI function instrumented: __itt_heap_reallocate_begin
27587 : 0x3c05ace93c87a5 : 2 : ittapi_config_apply_per_lib :  ITTAPI function instrumented: __itt_heap_reallocate_end
27587 : 0x3c05ace93c910a : 2 : ittapi_config_apply_per_lib :  ITTAPI function not implemented: __itt_heap_internal_access_begin
27587 : 0x3c05ace93c9ae0 : 2 : ittapi_config_apply_per_lib :  ITTAPI function not implemented: __itt_heap_internal_access_end
27587 : 0x3c05ace93ca440 : 2 : ittapi_config_apply_per_lib :  ITTAPI function not implemented: __itt_heap_record_memory_growth_begin
27587 : 0x3c05ace93cadaa : 2 : ittapi_config_apply_per_lib :  ITTAPI function not implemented: __itt_heap_record_memory_growth_end
27587 : 0x3c05ace93cb657 : 2 : ittapi_config_apply_per_lib :  ITTAPI function not implemented: __itt_heap_reset_detection
27587 : 0x3c05ace93cbfc1 : 2 : ittapi_config_apply_per_lib :  ITTAPI function not implemented: __itt_heap_record
27587 : 0x3c05ace93cc8d6 : 2 : ittapi_config_apply_per_lib :  ITTAPI function not implemented: __itt_id_create
27587 : 0x3c05ace93cd1f3 : 2 : ittapi_config_apply_per_lib :  ITTAPI function not implemented: __itt_id_destroy
27587 : 0x3c05ace93cd9cb : 2 : ittapi_config_apply_per_lib :  ITTAPI function instrumented: __itt_get_timestamp
27587 : 0x3c05ace93cfbfb : 2 : ittapi_config_apply_per_lib :  ITTAPI function not implemented: __itt_region_begin
27587 : 0x3c05ace93d051f : 2 : ittapi_config_apply_per_lib :  ITTAPI function not implemented: __itt_region_end
27587 : 0x3c05ace93d0d60 : 2 : ittapi_config_apply_per_lib :  ITTAPI function instrumented: __itt_frame_begin_v3
27587 : 0x3c05ace93d1584 : 2 : ittapi_config_apply_per_lib :  ITTAPI function instrumented: __itt_frame_end_v3
27587 : 0x3c05ace93d1d3a : 2 : ittapi_config_apply_per_lib :  ITTAPI function instrumented: __itt_frame_submit_v3
27587 : 0x3c05ace93d2651 : 2 : ittapi_config_apply_per_lib :  ITTAPI function not implemented: __itt_task_group
27587 : 0x3c05ace93d2e8c : 2 : ittapi_config_apply_per_lib :  ITTAPI function instrumented: __itt_task_begin
27587 : 0x3c05ace93d363b : 2 : ittapi_config_apply_per_lib :  ITTAPI function instrumented: __itt_task_begin_fn
27587 : 0x3c05ace93d3dd0 : 2 : ittapi_config_apply_per_lib :  ITTAPI function instrumented: __itt_task_end
27587 : 0x3c05ace93d46ad : 2 : ittapi_config_apply_per_lib :  ITTAPI function not implemented: __itt_counter_inc_v3
27587 : 0x3c05ace93d6321 : 2 : ittapi_config_apply_per_lib :  ITTAPI function not implemented: __itt_counter_inc_delta_v3
27587 : 0x3c05ace93d6caa : 2 : ittapi_config_apply_per_lib :  ITTAPI function not implemented: __itt_counter_dec_v3
27587 : 0x3c05ace93d7604 : 2 : ittapi_config_apply_per_lib :  ITTAPI function not implemented: __itt_counter_dec_delta_v3
27587 : 0x3c05ace93d7f1e : 2 : ittapi_config_apply_per_lib :  ITTAPI function not implemented: __itt_marker
27587 : 0x3c05ace93d9845 : 2 : ittapi_config_apply_per_lib :  ITTAPI function instrumented: __itt_metadata_add
27587 : 0x3c05ace93da18c : 2 : ittapi_config_apply_per_lib :  ITTAPI function not implemented: __itt_metadata_str_add
27587 : 0x3c05ace93daa85 : 2 : ittapi_config_apply_per_lib :  ITTAPI function not implemented: __itt_relation_add_to_current
27587 : 0x3c05ace93db38d : 2 : ittapi_config_apply_per_lib :  ITTAPI function not implemented: __itt_relation_add
27587 : 0x3c05ace93dbb26 : 2 : ittapi_config_apply_per_lib :  ITTAPI function instrumented: __itt_event_create
27587 : 0x3c05ace93dc2cb : 2 : ittapi_config_apply_per_lib :  ITTAPI function instrumented: __itt_event_start
27587 : 0x3c05ace93dddcc : 2 : ittapi_config_apply_per_lib :  ITTAPI function instrumented: __itt_event_end
27587 : 0x3c05ace93de4b9 : 2 : ittapi_config_apply_per_lib :  ITTAPI function NOT instrumented (not matched by --itt-config option): __itt_sync_set_name

27587 : 0x3c05ace93debeb : 2 : ittapi_config_apply_per_lib :  ITTAPI function NOT instrumented (not matched by --itt-config option): __itt_notify_sync_name

27587 : 0x3c05ace93df305 : 2 : ittapi_config_apply_per_lib :  ITTAPI function NOT instrumented (not matched by --itt-config option): __itt_notify_sync_prepare

27587 : 0x3c05ace93dfa0d : 2 : ittapi_config_apply_per_lib :  ITTAPI function NOT instrumented (not matched by --itt-config option): __itt_notify_sync_cancel

27587 : 0x3c05ace93e0149 : 2 : ittapi_config_apply_per_lib :  ITTAPI function NOT instrumented (not matched by --itt-config option): __itt_notify_sync_acquired

27587 : 0x3c05ace93e082e : 2 : ittapi_config_apply_per_lib :  ITTAPI function NOT instrumented (not matched by --itt-config option): __itt_notify_sync_releasing

27587 : 0x3c05ace93e10e5 : 2 : ittapi_config_apply_per_lib :  ITTAPI function not implemented: __itt_memory_read
27587 : 0x3c05ace93e19fd : 2 : ittapi_config_apply_per_lib :  ITTAPI function not implemented: __itt_memory_write
27587 : 0x3c05ace93e22e5 : 2 : ittapi_config_apply_per_lib :  ITTAPI function not implemented: __itt_memory_update
27587 : 0x3c05ace93e3eb7 : 2 : ittapi_config_apply_per_lib :  ITTAPI function not implemented: __itt_state_get
27587 : 0x3c05ace93e4776 : 2 : ittapi_config_apply_per_lib :  ITTAPI function not implemented: __itt_state_set
27587 : 0x3c05ace93e5028 : 2 : ittapi_config_apply_per_lib :  ITTAPI function not implemented: __itt_obj_mode_set
27587 : 0x3c05ace93e58c1 : 2 : ittapi_config_apply_per_lib :  ITTAPI function not implemented: __itt_thr_mode_set
27587 : 0x3c05ace93e6020 : 2 : ittapi_config_apply_per_lib :  ITTAPI function instrumented: __itt_frame_create
27587 : 0x3c05ace93e6837 : 2 : ittapi_config_apply_per_lib :  ITTAPI function instrumented: __itt_frame_begin
27587 : 0x3c05ace93e7057 : 2 : ittapi_config_apply_per_lib :  ITTAPI function instrumented: __itt_frame_end
27587 : 0x3c05ace93e79e4 : 2 : ittapi_config_apply_per_lib :  ITTAPI function not implemented: __itt_counter_destroy
27587 : 0x3c05ace93e823f : 2 : ittapi_config_apply_per_lib :  ITTAPI function instrumented: __itt_counter_inc
27587 : 0x3c05ace93e8a48 : 2 : ittapi_config_apply_per_lib :  ITTAPI function instrumented: __itt_counter_inc_delta
27587 : 0x3c05ace93ea952 : 2 : ittapi_config_apply_per_lib :  ITTAPI function instrumented: __itt_counter_dec
27587 : 0x3c05ace93eb1ae : 2 : ittapi_config_apply_per_lib :  ITTAPI function instrumented: __itt_counter_dec_delta
27587 : 0x3c05ace93eb959 : 2 : ittapi_config_apply_per_lib :  ITTAPI function instrumented: __itt_counter_set_value
27587 : 0x3c05ace93ec1f4 : 2 : ittapi_config_apply_per_lib :  ITTAPI function not implemented: __itt_counter_set_value_ex
27587 : 0x3c05ace93ecab7 : 2 : ittapi_config_apply_per_lib :  ITTAPI function not implemented: __itt_mark_create
27587 : 0x3c05ace93ed395 : 2 : ittapi_config_apply_per_lib :  ITTAPI function not implemented: __itt_mark
27587 : 0x3c05ace93edd40 : 2 : ittapi_config_apply_per_lib :  ITTAPI function not implemented: __itt_mark_off
27587 : 0x3c05ace93fe323 : 2 : ittapi_config_apply_per_lib :  ITTAPI function not implemented: __itt_mark_global
27587 : 0x3c05ace93fec6d : 2 : ittapi_config_apply_per_lib :  ITTAPI function not implemented: __itt_mark_global_off
27587 : 0x3c05ace93ff4dc : 2 : ittapi_config_apply_per_lib :  ITTAPI function instrumented: __itt_stack_caller_create
27587 : 0x3c05ace9401c09 : 2 : ittapi_config_apply_per_lib :  ITTAPI function instrumented: __itt_stack_caller_destroy
27587 : 0x3c05ace9402454 : 2 : ittapi_config_apply_per_lib :  ITTAPI function instrumented: __itt_stack_callee_enter
27587 : 0x3c05ace9402c32 : 2 : ittapi_config_apply_per_lib :  ITTAPI function instrumented: __itt_stack_callee_leave
27587 : 0x3c05ace9403582 : 2 : ittapi_config_apply_per_lib :  ITTAPI function not implemented: __itt_clock_domain_create
27587 : 0x3c05ace9403f09 : 2 : ittapi_config_apply_per_lib :  ITTAPI function not implemented: __itt_clock_domain_reset
27587 : 0x3c05ace94047ba : 2 : ittapi_config_apply_per_lib :  ITTAPI function not implemented: __itt_id_create_ex
27587 : 0x3c05ace940507f : 2 : ittapi_config_apply_per_lib :  ITTAPI function not implemented: __itt_id_destroy_ex
27587 : 0x3c05ace940596f : 2 : ittapi_config_apply_per_lib :  ITTAPI function not implemented: __itt_task_begin_ex
27587 : 0x3c05ace94062a0 : 2 : ittapi_config_apply_per_lib :  ITTAPI function not implemented: __itt_task_begin_fn_ex
27587 : 0x3c05ace9406b94 : 2 : ittapi_config_apply_per_lib :  ITTAPI function not implemented: __itt_task_end_ex
27587 : 0x3c05ace94086fd : 2 : ittapi_config_apply_per_lib :  ITTAPI function instrumented: __itt_task_begin_overlapped
27587 : 0x3c05ace94090b9 : 2 : ittapi_config_apply_per_lib :  ITTAPI function not implemented: __itt_task_begin_overlapped_ex
27587 : 0x3c05ace94098d3 : 2 : ittapi_config_apply_per_lib :  ITTAPI function instrumented: __itt_task_end_overlapped
27587 : 0x3c05ace940a25b : 2 : ittapi_config_apply_per_lib :  ITTAPI function not implemented: __itt_task_end_overlapped_ex
27587 : 0x3c05ace940ab24 : 2 : ittapi_config_apply_per_lib :  ITTAPI function not implemented: __itt_marker_ex
27587 : 0x3c05ace940b4d8 : 2 : ittapi_config_apply_per_lib :  ITTAPI function not implemented: __itt_metadata_add_with_scope
27587 : 0x3c05ace940bdfd : 2 : ittapi_config_apply_per_lib :  ITTAPI function not implemented: __itt_metadata_str_add_with_scope
27587 : 0x3c05ace940c74d : 2 : ittapi_config_apply_per_lib :  ITTAPI function not implemented: __itt_relation_add_to_current_ex
27587 : 0x3c05ace940d028 : 2 : ittapi_config_apply_per_lib :  ITTAPI function not implemented: __itt_relation_add_ex
27587 : 0x3c05ace940d91d : 2 : ittapi_config_apply_per_lib :  ITTAPI function not implemented: __itt_track_group_create
27587 : 0x3c05ace940f9da : 2 : ittapi_config_apply_per_lib :  ITTAPI function not implemented: __itt_track_create
27587 : 0x3c05ace94102c7 : 2 : ittapi_config_apply_per_lib :  ITTAPI function not implemented: __itt_set_track
27587 : 0x3c05ace9410b0b : 2 : ittapi_config_apply_per_lib :  ITTAPI function instrumented: __itt_api_version
27587 : 0x3c05ace94113b6 : 2 : ittapi_config_apply_per_lib :  ITTAPI function not implemented: __itt_av_save
27587 : 0x3c05ace9411b4c : 2 : ittapi_config_apply_per_lib :  ITTAPI function instrumented: __itt_module_load
27587 : 0x3c05ace949b990 : 2 : ittapi_config_mask_get :  --itt-config mask to be applied: 183
27587 : 0x3c05ace949c9c4 : 2 : ittapi_config_apply_per_lib :  ITTAPI function instrumented: __itt_domain_create
27587 : 0x3c05ace949d210 : 2 : ittapi_config_apply_per_lib :  ITTAPI function instrumented: __itt_string_handle_create
27587 : 0x3c05ace949da53 : 2 : ittapi_config_apply_per_lib :  ITTAPI function instrumented: __itt_pause
27587 : 0x3c05ace949e266 : 2 : ittapi_config_apply_per_lib :  ITTAPI function instrumented: __itt_resume
27587 : 0x3c05ace94a0d91 : 2 : ittapi_config_apply_per_lib :  ITTAPI function instrumented: __itt_thread_set_name
27587 : 0x3c05ace94a161e : 2 : ittapi_config_apply_per_lib :  ITTAPI function instrumented: __itt_thread_ignore
27587 : 0x3c05ace94a1da4 : 2 : ittapi_config_apply_per_lib :  ITTAPI function instrumented: __itt_thr_name_set
27587 : 0x3c05ace94a257a : 2 : ittapi_config_apply_per_lib :  ITTAPI function instrumented: __itt_thr_ignore
27587 : 0x3c05ace94a319b : 2 : ittapi_config_apply_per_lib :  ITTAPI function not implemented: __itt_enable_attach
27587 : 0x3c05ace94a3aa4 : 2 : ittapi_config_apply_per_lib :  ITTAPI function instrumented: __itt_detach
27587 : 0x3c05ace94a41c3 : 2 : ittapi_config_apply_per_lib :  ITTAPI function NOT instrumented (not matched by --itt-config option): __itt_sync_create

27587 : 0x3c05ace94a4919 : 2 : ittapi_config_apply_per_lib :  ITTAPI function NOT instrumented (not matched by --itt-config option): __itt_sync_rename

27587 : 0x3c05ace94a5039 : 2 : ittapi_config_apply_per_lib :  ITTAPI function NOT instrumented (not matched by --itt-config option): __itt_sync_destroy

27587 : 0x3c05ace94a574e : 2 : ittapi_config_apply_per_lib :  ITTAPI function NOT instrumented (not matched by --itt-config option): __itt_sync_prepare

27587 : 0x3c05ace94a7235 : 2 : ittapi_config_apply_per_lib :  ITTAPI function NOT instrumented (not matched by --itt-config option): __itt_sync_cancel

27587 : 0x3c05ace94a7920 : 2 : ittapi_config_apply_per_lib :  ITTAPI function NOT instrumented (not matched by --itt-config option): __itt_sync_acquired

27587 : 0x3c05ace94a8068 : 2 : ittapi_config_apply_per_lib :  ITTAPI function NOT instrumented (not matched by --itt-config option): __itt_sync_releasing

27587 : 0x3c05ace94a899a : 2 : ittapi_config_apply_per_lib :  ITTAPI function not implemented: __itt_suppress_push
27587 : 0x3c05ace94a92ec : 2 : ittapi_config_apply_per_lib :  ITTAPI function not implemented: __itt_suppress_pop
27587 : 0x3c05ace94a9c64 : 2 : ittapi_config_apply_per_lib :  ITTAPI function not implemented: __itt_suppress_mark_range
27587 : 0x3c05ace94aa5b5 : 2 : ittapi_config_apply_per_lib :  ITTAPI function not implemented: __itt_suppress_clear_range
27587 : 0x3c05ace94aacb8 : 2 : ittapi_config_apply_per_lib :  ITTAPI function NOT instrumented (not matched by --itt-config option): __itt_sync_prepare

27587 : 0x3c05ace94ab391 : 2 : ittapi_config_apply_per_lib :  ITTAPI function NOT instrumented (not matched by --itt-config option): __itt_sync_cancel

27587 : 0x3c05ace94aba7a : 2 : ittapi_config_apply_per_lib :  ITTAPI function NOT instrumented (not matched by --itt-config option): __itt_sync_acquired

27587 : 0x3c05ace94adb45 : 2 : ittapi_config_apply_per_lib :  ITTAPI function NOT instrumented (not matched by --itt-config option): __itt_sync_releasing

27587 : 0x3c05ace94ae408 : 2 : ittapi_config_apply_per_lib :  ITTAPI function instrumented: __itt_model_site_begin
27587 : 0x3c05ace94aec65 : 2 : ittapi_config_apply_per_lib :  ITTAPI function instrumented: __itt_model_site_end
27587 : 0x3c05ace94af47c : 2 : ittapi_config_apply_per_lib :  ITTAPI function instrumented: __itt_model_task_begin
27587 : 0x3c05ace94afc00 : 2 : ittapi_config_apply_per_lib :  ITTAPI function instrumented: __itt_model_task_end
27587 : 0x3c05ace94b03f4 : 2 : ittapi_config_apply_per_lib :  ITTAPI function instrumented: __itt_model_lock_acquire
27587 : 0x3c05ace94b0bc2 : 2 : ittapi_config_apply_per_lib :  ITTAPI function instrumented: __itt_model_lock_release
27587 : 0x3c05ace94b1500 : 2 : ittapi_config_apply_per_lib :  ITTAPI function not implemented: __itt_model_record_allocation
27587 : 0x3c05ace94b1f00 : 2 : ittapi_config_apply_per_lib :  ITTAPI function not implemented: __itt_model_record_deallocation
27587 : 0x3c05ace94b28e7 : 2 : ittapi_config_apply_per_lib :  ITTAPI function not implemented: __itt_model_induction_uses
27587 : 0x3c05ace94b452f : 2 : ittapi_config_apply_per_lib :  ITTAPI function not implemented: __itt_model_reduction_uses
27587 : 0x3c05ace94b4ed4 : 2 : ittapi_config_apply_per_lib :  ITTAPI function not implemented: __itt_model_observe_uses
27587 : 0x3c05ace94b57c1 : 2 : ittapi_config_apply_per_lib :  ITTAPI function not implemented: __itt_model_clear_uses
27587 : 0x3c05ace94b5f9a : 2 : ittapi_config_apply_per_lib :  ITTAPI function instrumented: __itt_model_site_beginA
27587 : 0x3c05ace94b6767 : 2 : ittapi_config_apply_per_lib :  ITTAPI function instrumented: __itt_model_site_beginAL
27587 : 0x3c05ace94b6f4e : 2 : ittapi_config_apply_per_lib :  ITTAPI function instrumented: __itt_model_task_beginA
27587 : 0x3c05ace94b76e9 : 2 : ittapi_config_apply_per_lib :  ITTAPI function instrumented: __itt_model_task_beginAL
27587 : 0x3c05ace94b7e8f : 2 : ittapi_config_apply_per_lib :  ITTAPI function instrumented: __itt_model_iteration_taskA
27587 : 0x3c05ace94b8639 : 2 : ittapi_config_apply_per_lib :  ITTAPI function instrumented: __itt_model_iteration_taskAL
27587 : 0x3c05ace94b8dc3 : 2 : ittapi_config_apply_per_lib :  ITTAPI function instrumented: __itt_model_site_end_2
27587 : 0x3c05ace94ba81a : 2 : ittapi_config_apply_per_lib :  ITTAPI function instrumented: __itt_model_task_end_2
27587 : 0x3c05ace94bafa9 : 2 : ittapi_config_apply_per_lib :  ITTAPI function instrumented: __itt_model_lock_acquire_2
27587 : 0x3c05ace94bb768 : 2 : ittapi_config_apply_per_lib :  ITTAPI function instrumented: __itt_model_lock_release_2
27587 : 0x3c05ace94bbf24 : 2 : ittapi_config_apply_per_lib :  ITTAPI function instrumented: __itt_model_aggregate_task
27587 : 0x3c05ace94bc723 : 2 : ittapi_config_apply_per_lib :  ITTAPI function instrumented: __itt_model_disable_push
27587 : 0x3c05ace94bce8c : 2 : ittapi_config_apply_per_lib :  ITTAPI function instrumented: __itt_model_disable_pop
27587 : 0x3c05ace94bd5fb : 2 : ittapi_config_apply_per_lib :  ITTAPI function instrumented: __itt_heap_function_create
27587 : 0x3c05ace94bde09 : 2 : ittapi_config_apply_per_lib :  ITTAPI function instrumented: __itt_heap_allocate_begin
27587 : 0x3c05ace94be5dd : 2 : ittapi_config_apply_per_lib :  ITTAPI function instrumented: __itt_heap_allocate_end
27587 : 0x3c05ace94beda8 : 2 : ittapi_config_apply_per_lib :  ITTAPI function instrumented: __itt_heap_free_begin
27587 : 0x3c05ace94c0760 : 2 : ittapi_config_apply_per_lib :  ITTAPI function instrumented: __itt_heap_free_end
27587 : 0x3c05ace94c0f73 : 2 : ittapi_config_apply_per_lib :  ITTAPI function instrumented: __itt_heap_reallocate_begin
27587 : 0x3c05ace94c179a : 2 : ittapi_config_apply_per_lib :  ITTAPI function instrumented: __itt_heap_reallocate_end
27587 : 0x3c05ace94c20d4 : 2 : ittapi_config_apply_per_lib :  ITTAPI function not implemented: __itt_heap_internal_access_begin
27587 : 0x3c05ace94c2a69 : 2 : ittapi_config_apply_per_lib :  ITTAPI function not implemented: __itt_heap_internal_access_end
27587 : 0x3c05ace94c33e7 : 2 : ittapi_config_apply_per_lib :  ITTAPI function not implemented: __itt_heap_record_memory_growth_begin
27587 : 0x3c05ace94c3d57 : 2 : ittapi_config_apply_per_lib :  ITTAPI function not implemented: __itt_heap_record_memory_growth_end
27587 : 0x3c05ace94c45eb : 2 : ittapi_config_apply_per_lib :  ITTAPI function not implemented: __itt_heap_reset_detection
27587 : 0x3c05ace94c4f33 : 2 : ittapi_config_apply_per_lib :  ITTAPI function not implemented: __itt_heap_record
27587 : 0x3c05ace94c580c : 2 : ittapi_config_apply_per_lib :  ITTAPI function not implemented: __itt_id_create
27587 : 0x3c05ace94c7893 : 2 : ittapi_config_apply_per_lib :  ITTAPI function not implemented: __itt_id_destroy
27587 : 0x3c05ace94c808c : 2 : ittapi_config_apply_per_lib :  ITTAPI function instrumented: __itt_get_timestamp
27587 : 0x3c05ace94c895f : 2 : ittapi_config_apply_per_lib :  ITTAPI function not implemented: __itt_region_begin
27587 : 0x3c05ace94c9219 : 2 : ittapi_config_apply_per_lib :  ITTAPI function not implemented: __itt_region_end
27587 : 0x3c05ace94c99e6 : 2 : ittapi_config_apply_per_lib :  ITTAPI function instrumented: __itt_frame_begin_v3
27587 : 0x3c05ace94ca1ee : 2 : ittapi_config_apply_per_lib :  ITTAPI function instrumented: __itt_frame_end_v3
27587 : 0x3c05ace94ca9b4 : 2 : ittapi_config_apply_per_lib :  ITTAPI function instrumented: __itt_frame_submit_v3
27587 : 0x3c05ace94cb2fd : 2 : ittapi_config_apply_per_lib :  ITTAPI function not implemented: __itt_task_group
27587 : 0x3c05ace94cbb55 : 2 : ittapi_config_apply_per_lib :  ITTAPI function instrumented: __itt_task_begin
27587 : 0x3c05ace94cc318 : 2 : ittapi_config_apply_per_lib :  ITTAPI function instrumented: __itt_task_begin_fn
27587 : 0x3c05ace94ce07f : 2 : ittapi_config_apply_per_lib :  ITTAPI function instrumented: __itt_task_end
27587 : 0x3c05ace94cea21 : 2 : ittapi_config_apply_per_lib :  ITTAPI function not implemented: __itt_counter_inc_v3
27587 : 0x3c05ace94cf331 : 2 : ittapi_config_apply_per_lib :  ITTAPI function not implemented: __itt_counter_inc_delta_v3
27587 : 0x3c05ace94cfc19 : 2 : ittapi_config_apply_per_lib :  ITTAPI function not implemented: __itt_marker
27587 : 0x3c05ace94d0439 : 2 : ittapi_config_apply_per_lib :  ITTAPI function instrumented: __itt_metadata_add
27587 : 0x3c05ace94d0d7f : 2 : ittapi_config_apply_per_lib :  ITTAPI function not implemented: __itt_metadata_str_add
27587 : 0x3c05ace94d1713 : 2 : ittapi_config_apply_per_lib :  ITTAPI function not implemented: __itt_relation_add_to_current
27587 : 0x3c05ace94d2046 : 2 : ittapi_config_apply_per_lib :  ITTAPI function not implemented: __itt_relation_add
27587 : 0x3c05ace94d27d7 : 2 : ittapi_config_apply_per_lib :  ITTAPI function instrumented: __itt_event_create
27587 : 0x3c05ace94d2fb3 : 2 : ittapi_config_apply_per_lib :  ITTAPI function instrumented: __itt_event_start
27587 : 0x3c05ace94d4a25 : 2 : ittapi_config_apply_per_lib :  ITTAPI function instrumented: __itt_event_end
27587 : 0x3c05ace94d5136 : 2 : ittapi_config_apply_per_lib :  ITTAPI function NOT instrumented (not matched by --itt-config option): __itt_sync_set_name

27587 : 0x3c05ace94d5859 : 2 : ittapi_config_apply_per_lib :  ITTAPI function NOT instrumented (not matched by --itt-config option): __itt_notify_sync_name

27587 : 0x3c05ace94d5fa5 : 2 : ittapi_config_apply_per_lib :  ITTAPI function NOT instrumented (not matched by --itt-config option): __itt_notify_sync_prepare

27587 : 0x3c05ace94d6698 : 2 : ittapi_config_apply_per_lib :  ITTAPI function NOT instrumented (not matched by --itt-config option): __itt_notify_sync_cancel

27587 : 0x3c05ace94d6d6a : 2 : ittapi_config_apply_per_lib :  ITTAPI function NOT instrumented (not matched by --itt-config option): __itt_notify_sync_acquired

27587 : 0x3c05ace94d74a4 : 2 : ittapi_config_apply_per_lib :  ITTAPI function NOT instrumented (not matched by --itt-config option): __itt_notify_sync_releasing

27587 : 0x3c05ace94d7d9f : 2 : ittapi_config_apply_per_lib :  ITTAPI function not implemented: __itt_memory_read
27587 : 0x3c05ace94d8665 : 2 : ittapi_config_apply_per_lib :  ITTAPI function not implemented: __itt_memory_write
27587 : 0x3c05ace94d8f9c : 2 : ittapi_config_apply_per_lib :  ITTAPI function not implemented: __itt_memory_update
27587 : 0x3c05ace94dafc9 : 2 : ittapi_config_apply_per_lib :  ITTAPI function not implemented: __itt_state_get
27587 : 0x3c05ace94db8a2 : 2 : ittapi_config_apply_per_lib :  ITTAPI function not implemented: __itt_state_set
27587 : 0x3c05ace94dc221 : 2 : ittapi_config_apply_per_lib :  ITTAPI function not implemented: __itt_obj_mode_set
27587 : 0x3c05ace94dcab6 : 2 : ittapi_config_apply_per_lib :  ITTAPI function not implemented: __itt_thr_mode_set
27587 : 0x3c05ace94dd237 : 2 : ittapi_config_apply_per_lib :  ITTAPI function instrumented: __itt_frame_create
27587 : 0x3c05ace94dda33 : 2 : ittapi_config_apply_per_lib :  ITTAPI function instrumented: __itt_frame_begin
27587 : 0x3c05ace94de1f3 : 2 : ittapi_config_apply_per_lib :  ITTAPI function instrumented: __itt_frame_end
27587 : 0x3c05ace94de9ec : 2 : ittapi_config_apply_per_lib :  ITTAPI function instrumented: __itt_counter_create
27587 : 0x3c05ace94df317 : 2 : ittapi_config_apply_per_lib :  ITTAPI function not implemented: __itt_counter_destroy
27587 : 0x3c05ace94dfafa : 2 : ittapi_config_apply_per_lib :  ITTAPI function instrumented: __itt_counter_inc
27587 : 0x3c05ace94e1661 : 2 : ittapi_config_apply_per_lib :  ITTAPI function instrumented: __itt_counter_inc_delta
27587 : 0x3c05ace94e1f72 : 2 : ittapi_config_apply_per_lib :  ITTAPI function not implemented: __itt_mark_create
27587 : 0x3c05ace94e52af : 2 : ittapi_config_apply_per_lib :  ITTAPI function not implemented: __itt_mark
27587 : 0x3c05ace94e5c90 : 2 : ittapi_config_apply_per_lib :  ITTAPI function not implemented: __itt_mark_off
27587 : 0x3c05ace94e6536 : 2 : ittapi_config_apply_per_lib :  ITTAPI function not implemented: __itt_mark_global
27587 : 0x3c05ace94e6dc1 : 2 : ittapi_config_apply_per_lib :  ITTAPI function not implemented: __itt_mark_global_off
27587 : 0x3c05ace94e7619 : 2 : ittapi_config_apply_per_lib :  ITTAPI function instrumented: __itt_stack_caller_create
27587 : 0x3c05ace94e7e3c : 2 : ittapi_config_apply_per_lib :  ITTAPI function instrumented: __itt_stack_caller_destroy
27587 : 0x3c05ace94e8630 : 2 : ittapi_config_apply_per_lib :  ITTAPI function instrumented: __itt_stack_callee_enter
27587 : 0x3c05ace94e8de3 : 2 : ittapi_config_apply_per_lib :  ITTAPI function instrumented: __itt_stack_callee_leave
27587 : 0x3c05ace94ead05 : 2 : ittapi_config_apply_per_lib :  ITTAPI function not implemented: __itt_clock_domain_create
27587 : 0x3c05ace94eb6ea : 2 : ittapi_config_apply_per_lib :  ITTAPI function not implemented: __itt_clock_domain_reset
27587 : 0x3c05ace94ebf64 : 2 : ittapi_config_apply_per_lib :  ITTAPI function not implemented: __itt_id_create_ex
27587 : 0x3c05ace94ec848 : 2 : ittapi_config_apply_per_lib :  ITTAPI function not implemented: __itt_id_destroy_ex
27587 : 0x3c05ace94ed179 : 2 : ittapi_config_apply_per_lib :  ITTAPI function not implemented: __itt_task_begin_ex
27587 : 0x3c05ace94eda50 : 2 : ittapi_config_apply_per_lib :  ITTAPI function not implemented: __itt_task_begin_fn_ex
27587 : 0x3c05ace94ee3a0 : 2 : ittapi_config_apply_per_lib :  ITTAPI function not implemented: __itt_task_end_ex
27587 : 0x3c05ace94eeb82 : 2 : ittapi_config_apply_per_lib :  ITTAPI function instrumented: __itt_task_begin_overlapped
27587 : 0x3c05ace94ef4a2 : 2 : ittapi_config_apply_per_lib :  ITTAPI function not implemented: __itt_task_begin_overlapped_ex
27587 : 0x3c05ace94efcee : 2 : ittapi_config_apply_per_lib :  ITTAPI function instrumented: __itt_task_end_overlapped
27587 : 0x3c05ace94f18e0 : 2 : ittapi_config_apply_per_lib :  ITTAPI function not implemented: __itt_task_end_overlapped_ex
27587 : 0x3c05ace94f2227 : 2 : ittapi_config_apply_per_lib :  ITTAPI function not implemented: __itt_marker_ex
27587 : 0x3c05ace94f2b39 : 2 : ittapi_config_apply_per_lib :  ITTAPI function not implemented: __itt_metadata_add_with_scope
27587 : 0x3c05ace94f3481 : 2 : ittapi_config_apply_per_lib :  ITTAPI function not implemented: __itt_metadata_str_add_with_scope
27587 : 0x3c05ace94f3df0 : 2 : ittapi_config_apply_per_lib :  ITTAPI function not implemented: __itt_relation_add_to_current_ex
27587 : 0x3c05ace94f46d1 : 2 : ittapi_config_apply_per_lib :  ITTAPI function not implemented: __itt_relation_add_ex
27587 : 0x3c05ace94f4fe6 : 2 : ittapi_config_apply_per_lib :  ITTAPI function not implemented: __itt_track_group_create
27587 : 0x3c05ace94f58a3 : 2 : ittapi_config_apply_per_lib :  ITTAPI function not implemented: __itt_track_create
27587 : 0x3c05ace94f60d1 : 2 : ittapi_config_apply_per_lib :  ITTAPI function not implemented: __itt_set_track
27587 : 0x3c05ace94f689f : 2 : ittapi_config_apply_per_lib :  ITTAPI function instrumented: __itt_api_version
27587 : 0x3c05ace94f89d9 : 2 : ittapi_config_apply_per_lib :  ITTAPI function not implemented: __itt_av_save